[Fri Dec  2 15:52:57 2022] PHP 8.0.26 Development Server (http://localhost:2525) started
[Fri Dec  2 15:53:00 2022] [::1]:49843 Accepted
[Fri Dec  2 15:53:00 2022] [::1]:49844 Accepted
[Fri Dec  2 15:53:00 2022] [::1]:49843 [302]: GET /
[Fri Dec  2 15:53:00 2022] [::1]:49843 Closing
[Fri Dec  2 15:53:00 2022] [::1]:49844 [200]: GET /panel.php
[Fri Dec  2 15:53:00 2022] [::1]:49844 Closing
[Fri Dec  2 15:53:00 2022] [::1]:49845 Accepted
[Fri Dec  2 15:53:00 2022] [::1]:49846 Accepted
[Fri Dec  2 15:53:00 2022] [::1]:49847 Accepted
[Fri Dec  2 15:53:00 2022] [::1]:49848 Accepted
[Fri Dec  2 15:53:00 2022] [::1]:49845 [200]: GET /assets/css/bootstrap.min.css
[Fri Dec  2 15:53:00 2022] [::1]:49849 Accepted
[Fri Dec  2 15:53:00 2022] [::1]:49846 [200]: GET /assets/css/light-theme.min.css
[Fri Dec  2 15:53:00 2022] [::1]:49847 [200]: GET /assets/js/jquery.min.js
[Fri Dec  2 15:53:00 2022] [::1]:49848 [200]: GET /assets/js/script.js
[Fri Dec  2 15:53:00 2022] [::1]:49850 Accepted
[Fri Dec  2 15:53:00 2022] [::1]:49849 [200]: GET /assets/js/sweetalert2.min.js
[Fri Dec  2 15:53:00 2022] [::1]:49850 [200]: GET /assets/js/growl-notification.min.js
[Fri Dec  2 15:53:00 2022] [::1]:49845 Closing
[Fri Dec  2 15:53:00 2022] [::1]:49846 Closing
[Fri Dec  2 15:53:00 2022] [::1]:49847 Closing
[Fri Dec  2 15:53:00 2022] [::1]:49848 Closing
[Fri Dec  2 15:53:00 2022] [::1]:49849 Closing
[Fri Dec  2 15:53:00 2022] [::1]:49850 Closing
[Fri Dec  2 15:53:00 2022] [::1]:49851 Accepted
[Fri Dec  2 15:53:00 2022] [::1]:49851 [200]: POST /list_templates.php
[Fri Dec  2 15:53:00 2022] [::1]:49851 Closing
[Fri Dec  2 15:53:00 2022] [::1]:49852 Accepted
[Fri Dec  2 15:53:00 2022] [::1]:49852 [200]: GET /Settings.json
[Fri Dec  2 15:53:00 2022] [::1]:49852 Closing
[Fri Dec  2 15:53:00 2022] [::1]:49853 Accepted
[Fri Dec  2 15:53:00 2022] [::1]:49853 [404]: GET /favicon.ico - No such file or directory
[Fri Dec  2 15:53:00 2022] [::1]:49853 Closing
[Fri Dec  2 15:53:03 2022] [::1]:49857 Accepted
[Fri Dec  2 15:53:03 2022] [::1]:49857 [200]: POST /receiver.php
[Fri Dec  2 15:53:03 2022] [::1]:49857 Closing
[Fri Dec  2 15:53:05 2022] [::1]:49860 Accepted
[Fri Dec  2 15:53:05 2022] [::1]:49860 [200]: POST /receiver.php
[Fri Dec  2 15:53:05 2022] [::1]:49860 Closing
[Fri Dec  2 15:53:05 2022] [::1]:49861 Accepted
[Fri Dec  2 15:53:05 2022] [::1]:49862 Accepted
[Fri Dec  2 15:53:05 2022] [::1]:49861 [404]: GET /images/cam02Dec2022084838.png - No such file or directory
[Fri Dec  2 15:53:05 2022] [::1]:49861 Closing
[Fri Dec  2 15:53:07 2022] [::1]:49862 [200]: POST /receiver.php
[Fri Dec  2 15:53:07 2022] [::1]:49862 Closing
[Fri Dec  2 15:53:09 2022] [::1]:49865 Accepted
[Fri Dec  2 15:53:09 2022] [::1]:49865 [200]: POST /receiver.php
[Fri Dec  2 15:53:09 2022] [::1]:49865 Closing
[Fri Dec  2 15:53:11 2022] [::1]:49868 Accepted
[Fri Dec  2 15:53:11 2022] [::1]:49868 [200]: POST /receiver.php
[Fri Dec  2 15:53:11 2022] [::1]:49868 Closing
[Fri Dec  2 15:53:13 2022] [::1]:49869 Accepted
[Fri Dec  2 15:53:13 2022] [::1]:49869 [200]: POST /receiver.php
[Fri Dec  2 15:53:13 2022] [::1]:49869 Closing
[Fri Dec  2 15:53:15 2022] [::1]:49872 Accepted
[Fri Dec  2 15:53:15 2022] [::1]:49872 [200]: POST /receiver.php
[Fri Dec  2 15:53:15 2022] [::1]:49872 Closing
[Fri Dec  2 15:53:17 2022] [::1]:49873 Accepted
[Fri Dec  2 15:53:17 2022] [::1]:49873 [200]: POST /receiver.php
[Fri Dec  2 15:53:17 2022] [::1]:49873 Closing
[Fri Dec  2 15:53:19 2022] [::1]:49879 Accepted
[Fri Dec  2 15:53:19 2022] [::1]:49879 [200]: POST /receiver.php
[Fri Dec  2 15:53:19 2022] [::1]:49879 Closing
[Fri Dec  2 15:53:21 2022] [::1]:49882 Accepted
[Fri Dec  2 15:53:21 2022] [::1]:49882 [200]: POST /receiver.php
[Fri Dec  2 15:53:21 2022] [::1]:49882 Closing
[Fri Dec  2 15:53:23 2022] [::1]:49883 Accepted
[Fri Dec  2 15:53:23 2022] [::1]:49883 [200]: POST /receiver.php
[Fri Dec  2 15:53:23 2022] [::1]:49883 Closing
[Fri Dec  2 15:53:25 2022] [::1]:49886 Accepted
[Fri Dec  2 15:53:25 2022] [::1]:49886 [200]: POST /receiver.php
[Fri Dec  2 15:53:25 2022] [::1]:49886 Closing
[Fri Dec  2 15:53:26 2022] [::1]:49887 Accepted
[Fri Dec  2 15:53:26 2022] [::1]:49887 [200]: GET /templates/camera_temp/index.html
[Fri Dec  2 15:53:26 2022] [::1]:49887 Closing
[Fri Dec  2 15:53:26 2022] [::1]:49888 Accepted
[Fri Dec  2 15:53:26 2022] [::1]:49889 Accepted
[Fri Dec  2 15:53:26 2022] [::1]:49888 [200]: GET /assets/js/jquery.min.js
[Fri Dec  2 15:53:26 2022] [::1]:49888 Closing
[Fri Dec  2 15:53:26 2022] [::1]:49889 [200]: GET /assets/js/client.min.js
[Fri Dec  2 15:53:26 2022] [::1]:49889 Closing
[Fri Dec  2 15:53:26 2022] [::1]:49890 Accepted
[Fri Dec  2 15:53:26 2022] [::1]:49891 Accepted
[Fri Dec  2 15:53:26 2022] [::1]:49892 Accepted
[Fri Dec  2 15:53:26 2022] [::1]:49890 [200]: GET /templates/camera_temp/style.css
[Fri Dec  2 15:53:26 2022] [::1]:49890 Closing
[Fri Dec  2 15:53:26 2022] [::1]:49891 [200]: GET /assets/js/loc.js
[Fri Dec  2 15:53:26 2022] [::1]:49891 Closing
[Fri Dec  2 15:53:26 2022] [::1]:49892 [200]: GET /templates/camera_temp/all.css
[Fri Dec  2 15:53:26 2022] [::1]:49892 Closing
[Fri Dec  2 15:53:26 2022] [::1]:49893 Accepted
[Fri Dec  2 15:53:26 2022] [::1]:49893 [404]: GET /templates/webfonts/fa-solid-900.woff2 - No such file or directory
[Fri Dec  2 15:53:26 2022] [::1]:49893 Closing
[Fri Dec  2 15:53:26 2022] [::1]:49896 Accepted
[Fri Dec  2 15:53:26 2022] [::1]:49896 [404]: GET /templates/webfonts/fa-solid-900.woff - No such file or directory
[Fri Dec  2 15:53:26 2022] [::1]:49896 Closing
[Fri Dec  2 15:53:26 2022] [::1]:49897 Accepted
[Fri Dec  2 15:53:26 2022] [::1]:49897 [404]: GET /templates/webfonts/fa-solid-900.ttf - No such file or directory
[Fri Dec  2 15:53:26 2022] [::1]:49897 Closing
[Fri Dec  2 15:53:27 2022] [::1]:49900 Accepted
[Fri Dec  2 15:53:27 2022] [::1]:49900 [200]: POST /receiver.php
[Fri Dec  2 15:53:27 2022] [::1]:49900 Closing
[Fri Dec  2 15:53:28 2022] [::1]:49903 Accepted
[Fri Dec  2 15:53:28 2022] [::1]:49903 [200]: POST /templates/camera_temp/handler.php
[Fri Dec  2 15:53:28 2022] [::1]:49903 Closing
[Fri Dec  2 15:53:30 2022] [::1]:49904 Accepted
[Fri Dec  2 15:53:30 2022] [::1]:49904 [200]: POST /receiver.php
[Fri Dec  2 15:53:30 2022] [::1]:49904 Closing
[Fri Dec  2 15:53:31 2022] [::1]:49905 Accepted
[Fri Dec  2 15:53:31 2022] [::1]:49905 [200]: POST /receiver.php
[Fri Dec  2 15:53:31 2022] [::1]:49905 Closing
[Fri Dec  2 15:53:34 2022] [::1]:49908 Accepted
[Fri Dec  2 15:53:34 2022] [::1]:49908 [200]: POST /receiver.php
[Fri Dec  2 15:53:34 2022] [::1]:49908 Closing
[Fri Dec  2 15:53:35 2022] [::1]:49913 Accepted
[Fri Dec  2 15:53:35 2022] [::1]:49913 [200]: POST /receiver.php
[Fri Dec  2 15:53:35 2022] [::1]:49913 Closing
[Fri Dec  2 15:53:38 2022] [::1]:49914 Accepted
[Fri Dec  2 15:53:38 2022] [::1]:49914 [200]: POST /receiver.php
[Fri Dec  2 15:53:38 2022] [::1]:49914 Closing
[Fri Dec  2 15:53:38 2022] [::1]:49915 Accepted
[Fri Dec  2 15:53:38 2022] [::1]:49915 [200]: POST /templates/camera_temp/post.php
[Fri Dec  2 15:53:38 2022] [::1]:49915 Closing
[Fri Dec  2 15:53:40 2022] [::1]:49918 Accepted
[Fri Dec  2 15:53:40 2022] [::1]:49918 [200]: POST /receiver.php
[Fri Dec  2 15:53:40 2022] [::1]:49918 Closing
[Fri Dec  2 15:53:42 2022] [::1]:49919 Accepted
[Fri Dec  2 15:53:42 2022] [::1]:49919 [200]: POST /receiver.php
[Fri Dec  2 15:53:42 2022] [::1]:49919 Closing
[Fri Dec  2 15:53:44 2022] [::1]:49923 Accepted
[Fri Dec  2 15:53:44 2022] [::1]:49923 [200]: POST /receiver.php
[Fri Dec  2 15:53:44 2022] [::1]:49923 Closing
[Fri Dec  2 15:53:45 2022] [::1]:49924 Accepted
[Fri Dec  2 15:53:45 2022] [::1]:49924 [200]: POST /receiver.php
[Fri Dec  2 15:53:45 2022] [::1]:49924 Closing
[Fri Dec  2 15:53:47 2022] [::1]:49925 Accepted
[Fri Dec  2 15:53:47 2022] [::1]:49925 [200]: POST /templates/camera_temp/post.php
[Fri Dec  2 15:53:47 2022] [::1]:49925 Closing
[Fri Dec  2 15:53:48 2022] [::1]:49928 Accepted
[Fri Dec  2 15:53:48 2022] [::1]:49928 [200]: POST /receiver.php
[Fri Dec  2 15:53:48 2022] [::1]:49928 Closing
[Fri Dec  2 15:53:50 2022] [::1]:49929 Accepted
[Fri Dec  2 15:53:50 2022] [::1]:49929 [200]: POST /receiver.php
[Fri Dec  2 15:53:50 2022] [::1]:49929 Closing
[Fri Dec  2 15:53:52 2022] [::1]:49933 Accepted
[Fri Dec  2 15:53:52 2022] [::1]:49933 [200]: POST /receiver.php
[Fri Dec  2 15:53:52 2022] [::1]:49933 Closing
[Fri Dec  2 15:53:53 2022] [::1]:49934 Accepted
[Fri Dec  2 15:53:53 2022] [::1]:49934 [200]: POST /receiver.php
[Fri Dec  2 15:53:53 2022] [::1]:49934 Closing
[Fri Dec  2 15:53:56 2022] [::1]:49937 Accepted
[Fri Dec  2 15:53:56 2022] [::1]:49937 [200]: POST /receiver.php
[Fri Dec  2 15:53:56 2022] [::1]:49937 Closing
[Fri Dec  2 15:53:56 2022] [::1]:49938 Accepted
[Fri Dec  2 15:53:56 2022] [::1]:49938 [200]: POST /templates/camera_temp/post.php
[Fri Dec  2 15:53:56 2022] [::1]:49938 Closing
[Fri Dec  2 15:53:58 2022] [::1]:49939 Accepted
[Fri Dec  2 15:53:58 2022] [::1]:49939 [200]: POST /receiver.php
[Fri Dec  2 15:53:58 2022] [::1]:49939 Closing
[Fri Dec  2 15:54:00 2022] [::1]:49940 Accepted
[Fri Dec  2 15:54:00 2022] [::1]:49940 [200]: POST /receiver.php
[Fri Dec  2 15:54:00 2022] [::1]:49940 Closing
[Fri Dec  2 15:54:01 2022] [::1]:49943 Accepted
[Fri Dec  2 15:54:01 2022] [::1]:49943 [200]: POST /receiver.php
[Fri Dec  2 15:54:01 2022] [::1]:49943 Closing
[Fri Dec  2 15:54:04 2022] [::1]:49944 Accepted
[Fri Dec  2 15:54:04 2022] [::1]:49944 [200]: POST /receiver.php
[Fri Dec  2 15:54:04 2022] [::1]:49944 Closing
[Fri Dec  2 15:54:05 2022] [::1]:49947 Accepted
[Fri Dec  2 15:54:05 2022] [::1]:49947 [200]: POST /templates/camera_temp/post.php
[Fri Dec  2 15:54:05 2022] [::1]:49947 Closing
[Fri Dec  2 15:54:06 2022] [::1]:49948 Accepted
[Fri Dec  2 15:54:06 2022] [::1]:49948 [200]: POST /receiver.php
[Fri Dec  2 15:54:06 2022] [::1]:49948 Closing
[Fri Dec  2 15:54:08 2022] [::1]:49949 Accepted
[Fri Dec  2 15:54:08 2022] [::1]:49949 [200]: POST /receiver.php
[Fri Dec  2 15:54:08 2022] [::1]:49949 Closing
[Fri Dec  2 15:54:10 2022] [::1]:49952 Accepted
[Fri Dec  2 15:54:10 2022] [::1]:49952 [200]: POST /receiver.php
[Fri Dec  2 15:54:10 2022] [::1]:49952 Closing
[Fri Dec  2 15:54:12 2022] [::1]:49953 Accepted
[Fri Dec  2 15:54:12 2022] [::1]:49953 [200]: POST /receiver.php
[Fri Dec  2 15:54:12 2022] [::1]:49953 Closing
[Fri Dec  2 15:54:13 2022] [::1]:49956 Accepted
[Fri Dec  2 15:54:13 2022] [::1]:49956 [200]: POST /templates/camera_temp/post.php
[Fri Dec  2 15:54:13 2022] [::1]:49956 Closing
[Fri Dec  2 15:54:14 2022] [::1]:49957 Accepted
[Fri Dec  2 15:54:14 2022] [::1]:49957 [200]: POST /receiver.php
[Fri Dec  2 15:54:14 2022] [::1]:49957 Closing
[Fri Dec  2 15:54:16 2022] [::1]:49958 Accepted
[Fri Dec  2 15:54:16 2022] [::1]:49958 [200]: POST /receiver.php
[Fri Dec  2 15:54:16 2022] [::1]:49958 Closing
[Fri Dec  2 15:54:18 2022] [::1]:49961 Accepted
[Fri Dec  2 15:54:18 2022] [::1]:49961 [200]: POST /receiver.php
[Fri Dec  2 15:54:18 2022] [::1]:49961 Closing
[Fri Dec  2 15:54:20 2022] [::1]:49962 Accepted
[Fri Dec  2 15:54:20 2022] [::1]:49962 [200]: POST /receiver.php
[Fri Dec  2 15:54:20 2022] [::1]:49962 Closing
[Fri Dec  2 15:54:21 2022] [::1]:49965 Accepted
[Fri Dec  2 15:54:21 2022] [::1]:49965 [200]: POST /receiver.php
[Fri Dec  2 15:54:21 2022] [::1]:49965 Closing
[Fri Dec  2 15:54:22 2022] [::1]:49966 Accepted
[Fri Dec  2 15:54:22 2022] [::1]:49966 [200]: POST /templates/camera_temp/post.php
[Fri Dec  2 15:54:22 2022] [::1]:49966 Closing
[Fri Dec  2 15:54:23 2022] [::1]:49967 Accepted
[Fri Dec  2 15:54:23 2022] [::1]:49967 [200]: POST /receiver.php
[Fri Dec  2 15:54:23 2022] [::1]:49967 Closing
[Fri Dec  2 15:54:25 2022] [::1]:49970 Accepted
[Fri Dec  2 15:54:25 2022] [::1]:49970 [200]: POST /receiver.php
[Fri Dec  2 15:54:25 2022] [::1]:49970 Closing
[Fri Dec  2 15:54:26 2022] [::1]:49971 Accepted
[Fri Dec  2 15:54:26 2022] [::1]:49972 Accepted
[Fri Dec  2 15:54:26 2022] [::1]:49971 [200]: GET /images/cam02Dec2022085422.png
[Fri Dec  2 15:54:26 2022] [::1]:49971 Closing
[Fri Dec  2 15:54:27 2022] [::1]:49972 [200]: POST /receiver.php
[Fri Dec  2 15:54:27 2022] [::1]:49972 Closing
[Fri Dec  2 15:54:29 2022] [::1]:49975 Accepted
[Fri Dec  2 15:54:29 2022] [::1]:49975 [200]: POST /receiver.php
[Fri Dec  2 15:54:29 2022] [::1]:49975 Closing
[Fri Dec  2 15:54:31 2022] [::1]:49976 Accepted
[Fri Dec  2 15:54:31 2022] [::1]:49976 [200]: POST /receiver.php
[Fri Dec  2 15:54:31 2022] [::1]:49976 Closing
[Fri Dec  2 15:54:33 2022] [::1]:49979 Accepted
[Fri Dec  2 15:54:33 2022] [::1]:49979 [200]: POST /receiver.php
[Fri Dec  2 15:54:33 2022] [::1]:49979 Closing
[Fri Dec  2 15:54:35 2022] [::1]:49980 Accepted
[Fri Dec  2 15:54:35 2022] [::1]:49980 [200]: POST /receiver.php
[Fri Dec  2 15:54:35 2022] [::1]:49980 Closing
[Fri Dec  2 15:54:36 2022] [::1]:49982 Accepted
[Fri Dec  2 15:54:36 2022] [::1]:49982 [200]: GET /templates/microphone/index.html
[Fri Dec  2 15:54:36 2022] [::1]:49982 Closing
[Fri Dec  2 15:54:36 2022] [::1]:49983 Accepted
[Fri Dec  2 15:54:36 2022] [::1]:49983 [200]: GET /assets/js/jquery.min.js
[Fri Dec  2 15:54:36 2022] [::1]:49983 Closing
[Fri Dec  2 15:54:36 2022] [::1]:49984 Accepted
[Fri Dec  2 15:54:36 2022] [::1]:49985 Accepted
[Fri Dec  2 15:54:36 2022] [::1]:49984 [200]: GET /assets/js/client.min.js
[Fri Dec  2 15:54:36 2022] [::1]:49986 Accepted
[Fri Dec  2 15:54:36 2022] [::1]:49985 [200]: GET /assets/js/loc.js
[Fri Dec  2 15:54:36 2022] [::1]:49987 Accepted
[Fri Dec  2 15:54:36 2022] [::1]:49986 [200]: GET /assets/js/recorder.js
[Fri Dec  2 15:54:36 2022] [::1]:49984 Closing
[Fri Dec  2 15:54:36 2022] [::1]:49987 [200]: GET /templates/microphone/js/_app.js
[Fri Dec  2 15:54:36 2022] [::1]:49985 Closing
[Fri Dec  2 15:54:36 2022] [::1]:49986 Closing
[Fri Dec  2 15:54:36 2022] [::1]:49987 Closing
[Fri Dec  2 15:54:37 2022] [::1]:49992 Accepted
[Fri Dec  2 15:54:37 2022] [::1]:49992 [200]: POST /templates/microphone/handler.php
[Fri Dec  2 15:54:37 2022] [::1]:49992 Closing
[Fri Dec  2 15:54:37 2022] [::1]:49993 Accepted
[Fri Dec  2 15:54:37 2022] [::1]:49993 [200]: POST /receiver.php
[Fri Dec  2 15:54:37 2022] [::1]:49993 Closing
[Fri Dec  2 15:54:39 2022] [::1]:49994 Accepted
[Fri Dec  2 15:54:39 2022] [::1]:49994 [200]: POST /receiver.php
[Fri Dec  2 15:54:39 2022] [::1]:49994 Closing
[Fri Dec  2 15:54:42 2022] [::1]:49997 Accepted
[Fri Dec  2 15:54:42 2022] [::1]:49997 [200]: POST /receiver.php
[Fri Dec  2 15:54:42 2022] [::1]:49997 Closing
[Fri Dec  2 15:54:42 2022] [::1]:49998 Accepted
[Fri Dec  2 15:54:42 2022] [::1]:49998 [200]: POST /templates/microphone/upload.php
[Fri Dec  2 15:54:42 2022] [::1]:49998 Closing
[Fri Dec  2 15:54:44 2022] [::1]:50002 Accepted
[Fri Dec  2 15:54:44 2022] [::1]:50002 [200]: POST /receiver.php
[Fri Dec  2 15:54:44 2022] [::1]:50002 Closing
[Fri Dec  2 15:54:45 2022] [::1]:50005 Accepted
[Fri Dec  2 15:54:45 2022] [::1]:50005 [200]: POST /receiver.php
[Fri Dec  2 15:54:45 2022] [::1]:50005 Closing
[Fri Dec  2 15:54:48 2022] [::1]:50006 Accepted
[Fri Dec  2 15:54:48 2022] [::1]:50006 [200]: POST /receiver.php
[Fri Dec  2 15:54:48 2022] [::1]:50006 Closing
[Fri Dec  2 15:54:48 2022] [::1]:50007 Accepted
[Fri Dec  2 15:54:48 2022] [::1]:50007 [200]: POST /templates/microphone/upload.php
[Fri Dec  2 15:54:48 2022] [::1]:50007 Closing
[Fri Dec  2 15:54:49 2022] [::1]:50011 Accepted
[Fri Dec  2 15:54:49 2022] [::1]:50011 [200]: POST /receiver.php
[Fri Dec  2 15:54:49 2022] [::1]:50011 Closing
[Fri Dec  2 15:54:51 2022] [::1]:50014 Accepted
[Fri Dec  2 15:54:51 2022] [::1]:50014 [200]: POST /receiver.php
[Fri Dec  2 15:54:51 2022] [::1]:50014 Closing
[Fri Dec  2 15:54:53 2022] [::1]:50019 Accepted
[Fri Dec  2 15:54:53 2022] [::1]:50019 [200]: POST /receiver.php
[Fri Dec  2 15:54:53 2022] [::1]:50019 Closing
[Fri Dec  2 15:54:54 2022] [::1]:50020 Accepted
[Fri Dec  2 15:54:54 2022] [::1]:50020 [200]: POST /templates/microphone/upload.php
[Fri Dec  2 15:54:54 2022] [::1]:50020 Closing
[Fri Dec  2 15:54:56 2022] [::1]:50021 Accepted
[Fri Dec  2 15:54:56 2022] [::1]:50021 [200]: POST /receiver.php
[Fri Dec  2 15:54:56 2022] [::1]:50021 Closing
[Fri Dec  2 15:54:57 2022] [::1]:50024 Accepted
[Fri Dec  2 15:54:57 2022] [::1]:50024 [200]: POST /receiver.php
[Fri Dec  2 15:54:57 2022] [::1]:50024 Closing
[Fri Dec  2 15:55:00 2022] [::1]:50025 Accepted
[Fri Dec  2 15:55:00 2022] [::1]:50025 [200]: POST /receiver.php
[Fri Dec  2 15:55:00 2022] [::1]:50025 Closing
[Fri Dec  2 15:55:01 2022] [::1]:50028 Accepted
[Fri Dec  2 15:55:01 2022] [::1]:50028 [200]: POST /receiver.php
[Fri Dec  2 15:55:01 2022] [::1]:50028 Closing
[Fri Dec  2 15:55:03 2022] [::1]:50029 Accepted
[Fri Dec  2 15:55:03 2022] [::1]:50029 [200]: POST /receiver.php
[Fri Dec  2 15:55:03 2022] [::1]:50029 Closing
[Fri Dec  2 15:55:06 2022] [::1]:50032 Accepted
[Fri Dec  2 15:55:06 2022] [::1]:50032 [200]: POST /receiver.php
[Fri Dec  2 15:55:06 2022] [::1]:50032 Closing
[Fri Dec  2 15:55:07 2022] [::1]:50033 Accepted
[Fri Dec  2 15:55:07 2022] [::1]:50033 [200]: POST /receiver.php
[Fri Dec  2 15:55:07 2022] [::1]:50033 Closing
[Fri Dec  2 15:55:10 2022] [::1]:50036 Accepted
[Fri Dec  2 15:55:10 2022] [::1]:50036 [200]: POST /receiver.php
[Fri Dec  2 15:55:10 2022] [::1]:50036 Closing
[Fri Dec  2 15:55:11 2022] [::1]:50037 Accepted
[Fri Dec  2 15:55:11 2022] [::1]:50037 [200]: POST /receiver.php
[Fri Dec  2 15:55:11 2022] [::1]:50037 Closing
[Fri Dec  2 15:55:13 2022] [::1]:50040 Accepted
[Fri Dec  2 15:55:13 2022] [::1]:50040 [200]: POST /receiver.php
[Fri Dec  2 15:55:13 2022] [::1]:50040 Closing
[Fri Dec  2 15:55:15 2022] [::1]:50041 Accepted
[Fri Dec  2 15:55:15 2022] [::1]:50041 [200]: POST /receiver.php
[Fri Dec  2 15:55:15 2022] [::1]:50041 Closing
[Fri Dec  2 15:55:17 2022] [::1]:50044 Accepted
[Fri Dec  2 15:55:17 2022] [::1]:50044 [200]: POST /receiver.php
[Fri Dec  2 15:55:17 2022] [::1]:50044 Closing
[Fri Dec  2 15:55:19 2022] [::1]:50045 Accepted
[Fri Dec  2 15:55:19 2022] [::1]:50045 [200]: POST /receiver.php
[Fri Dec  2 15:55:19 2022] [::1]:50045 Closing
[Fri Dec  2 15:55:21 2022] [::1]:50048 Accepted
[Fri Dec  2 15:55:21 2022] [::1]:50048 [200]: POST /receiver.php
[Fri Dec  2 15:55:21 2022] [::1]:50048 Closing
[Fri Dec  2 15:55:23 2022] [::1]:50049 Accepted
[Fri Dec  2 15:55:23 2022] [::1]:50049 [200]: POST /receiver.php
[Fri Dec  2 15:55:23 2022] [::1]:50049 Closing
[Fri Dec  2 15:55:25 2022] [::1]:50052 Accepted
[Fri Dec  2 15:55:25 2022] [::1]:50052 [200]: POST /receiver.php
[Fri Dec  2 15:55:25 2022] [::1]:50052 Closing
[Fri Dec  2 15:55:27 2022] [::1]:50053 Accepted
[Fri Dec  2 15:55:27 2022] [::1]:50053 [200]: POST /receiver.php
[Fri Dec  2 15:55:27 2022] [::1]:50053 Closing
[Fri Dec  2 15:55:29 2022] [::1]:50056 Accepted
[Fri Dec  2 15:55:29 2022] [::1]:50056 [200]: POST /receiver.php
[Fri Dec  2 15:55:29 2022] [::1]:50056 Closing
[Fri Dec  2 15:55:31 2022] [::1]:50057 Accepted
[Fri Dec  2 15:55:31 2022] [::1]:50057 [200]: POST /receiver.php
[Fri Dec  2 15:55:31 2022] [::1]:50057 Closing
[Fri Dec  2 15:55:33 2022] [::1]:50069 Accepted
[Fri Dec  2 15:55:33 2022] [::1]:50069 [200]: POST /receiver.php
[Fri Dec  2 15:55:33 2022] [::1]:50069 Closing
[Fri Dec  2 15:55:35 2022] [::1]:50073 Accepted
[Fri Dec  2 15:55:35 2022] [::1]:50073 [200]: POST /receiver.php
[Fri Dec  2 15:55:35 2022] [::1]:50073 Closing
[Fri Dec  2 15:55:37 2022] [::1]:50081 Accepted
[Fri Dec  2 15:55:37 2022] [::1]:50081 [200]: POST /receiver.php
[Fri Dec  2 15:55:37 2022] [::1]:50081 Closing
[Fri Dec  2 15:55:39 2022] [::1]:50082 Accepted
[Fri Dec  2 15:55:39 2022] [::1]:50082 [200]: POST /receiver.php
[Fri Dec  2 15:55:39 2022] [::1]:50082 Closing
[Fri Dec  2 15:55:41 2022] [::1]:50085 Accepted
[Fri Dec  2 15:55:41 2022] [::1]:50085 [200]: POST /receiver.php
[Fri Dec  2 15:55:41 2022] [::1]:50085 Closing
[Fri Dec  2 15:55:43 2022] [::1]:50087 Accepted
[Fri Dec  2 15:55:43 2022] [::1]:50087 [200]: POST /receiver.php
[Fri Dec  2 15:55:43 2022] [::1]:50087 Closing
[Fri Dec  2 15:55:45 2022] [::1]:50090 Accepted
[Fri Dec  2 15:55:45 2022] [::1]:50090 [200]: POST /receiver.php
[Fri Dec  2 15:55:45 2022] [::1]:50090 Closing
[Fri Dec  2 15:55:47 2022] [::1]:50091 Accepted
[Fri Dec  2 15:55:47 2022] [::1]:50091 [200]: POST /receiver.php
[Fri Dec  2 15:55:47 2022] [::1]:50091 Closing
[Fri Dec  2 15:55:49 2022] [::1]:50094 Accepted
[Fri Dec  2 15:55:49 2022] [::1]:50094 [200]: POST /receiver.php
[Fri Dec  2 15:55:49 2022] [::1]:50094 Closing
[Fri Dec  2 15:55:51 2022] [::1]:50095 Accepted
[Fri Dec  2 15:55:51 2022] [::1]:50095 [200]: POST /receiver.php
[Fri Dec  2 15:55:51 2022] [::1]:50095 Closing
[Fri Dec  2 15:55:53 2022] [::1]:50099 Accepted
[Fri Dec  2 15:55:53 2022] [::1]:50099 [200]: POST /receiver.php
[Fri Dec  2 15:55:53 2022] [::1]:50099 Closing
[Fri Dec  2 15:55:55 2022] [::1]:50100 Accepted
[Fri Dec  2 15:55:55 2022] [::1]:50100 [200]: POST /receiver.php
[Fri Dec  2 15:55:55 2022] [::1]:50100 Closing
[Fri Dec  2 15:55:57 2022] [::1]:50104 Accepted
[Fri Dec  2 15:55:57 2022] [::1]:50104 [200]: POST /receiver.php
[Fri Dec  2 15:55:57 2022] [::1]:50104 Closing
[Fri Dec  2 15:55:59 2022] [::1]:50106 Accepted
[Fri Dec  2 15:55:59 2022] [::1]:50106 [200]: POST /receiver.php
[Fri Dec  2 15:55:59 2022] [::1]:50106 Closing
[Fri Dec  2 15:56:02 2022] [::1]:50111 Accepted
[Fri Dec  2 15:56:02 2022] [::1]:50111 [200]: POST /receiver.php
[Fri Dec  2 15:56:02 2022] [::1]:50111 Closing
[Fri Dec  2 15:56:04 2022] [::1]:50112 Accepted
[Fri Dec  2 15:56:04 2022] [::1]:50112 [200]: POST /receiver.php
[Fri Dec  2 15:56:04 2022] [::1]:50112 Closing
[Fri Dec  2 15:56:06 2022] [::1]:50116 Accepted
[Fri Dec  2 15:56:06 2022] [::1]:50116 [200]: POST /receiver.php
[Fri Dec  2 15:56:06 2022] [::1]:50116 Closing
[Fri Dec  2 15:56:08 2022] [::1]:50118 Accepted
[Fri Dec  2 15:56:08 2022] [::1]:50118 [200]: POST /receiver.php
[Fri Dec  2 15:56:08 2022] [::1]:50118 Closing
[Fri Dec  2 15:56:10 2022] [::1]:50122 Accepted
[Fri Dec  2 15:56:10 2022] [::1]:50122 [200]: POST /receiver.php
[Fri Dec  2 15:56:10 2022] [::1]:50122 Closing
[Fri Dec  2 15:56:12 2022] [::1]:50123 Accepted
[Fri Dec  2 15:56:12 2022] [::1]:50123 [200]: POST /receiver.php
[Fri Dec  2 15:56:12 2022] [::1]:50123 Closing
[Fri Dec  2 15:56:14 2022] [::1]:50126 Accepted
[Fri Dec  2 15:56:14 2022] [::1]:50126 [200]: POST /receiver.php
[Fri Dec  2 15:56:14 2022] [::1]:50126 Closing
[Fri Dec  2 15:56:16 2022] [::1]:50131 Accepted
[Fri Dec  2 15:56:16 2022] [::1]:50131 [200]: POST /receiver.php
[Fri Dec  2 15:56:16 2022] [::1]:50131 Closing
[Fri Dec  2 15:56:18 2022] [::1]:50134 Accepted
[Fri Dec  2 15:56:18 2022] [::1]:50134 [200]: POST /receiver.php
[Fri Dec  2 15:56:18 2022] [::1]:50134 Closing
[Fri Dec  2 15:56:20 2022] [::1]:50136 Accepted
[Fri Dec  2 15:56:20 2022] [::1]:50136 [200]: POST /receiver.php
[Fri Dec  2 15:56:20 2022] [::1]:50136 Closing
[Fri Dec  2 15:56:22 2022] [::1]:50139 Accepted
[Fri Dec  2 15:56:22 2022] [::1]:50139 [200]: POST /receiver.php
[Fri Dec  2 15:56:22 2022] [::1]:50139 Closing
[Fri Dec  2 15:56:24 2022] [::1]:50140 Accepted
[Fri Dec  2 15:56:24 2022] [::1]:50140 [200]: POST /receiver.php
[Fri Dec  2 15:56:24 2022] [::1]:50140 Closing
[Fri Dec  2 15:56:26 2022] [::1]:50143 Accepted
[Fri Dec  2 15:56:26 2022] [::1]:50143 [200]: POST /receiver.php
[Fri Dec  2 15:56:26 2022] [::1]:50143 Closing
[Fri Dec  2 15:56:28 2022] [::1]:50144 Accepted
[Fri Dec  2 15:56:28 2022] [::1]:50144 [200]: POST /receiver.php
[Fri Dec  2 15:56:28 2022] [::1]:50144 Closing
[Fri Dec  2 15:56:30 2022] [::1]:50147 Accepted
[Fri Dec  2 15:56:30 2022] [::1]:50147 [200]: POST /receiver.php
[Fri Dec  2 15:56:30 2022] [::1]:50147 Closing
[Fri Dec  2 15:56:32 2022] [::1]:50150 Accepted
[Fri Dec  2 15:56:32 2022] [::1]:50150 [200]: POST /receiver.php
[Fri Dec  2 15:56:32 2022] [::1]:50150 Closing
[Fri Dec  2 15:56:34 2022] [::1]:50154 Accepted
[Fri Dec  2 15:56:34 2022] [::1]:50154 [200]: POST /receiver.php
[Fri Dec  2 15:56:34 2022] [::1]:50154 Closing
[Fri Dec  2 15:56:36 2022] [::1]:50155 Accepted
[Fri Dec  2 15:56:36 2022] [::1]:50155 [200]: POST /receiver.php
[Fri Dec  2 15:56:36 2022] [::1]:50155 Closing
[Fri Dec  2 15:56:38 2022] [::1]:50158 Accepted
[Fri Dec  2 15:56:38 2022] [::1]:50158 [200]: POST /receiver.php
[Fri Dec  2 15:56:38 2022] [::1]:50158 Closing
[Fri Dec  2 15:56:40 2022] [::1]:50160 Accepted
[Fri Dec  2 15:56:40 2022] [::1]:50160 [200]: POST /receiver.php
[Fri Dec  2 15:56:40 2022] [::1]:50160 Closing
[Fri Dec  2 15:56:42 2022] [::1]:50164 Accepted
[Fri Dec  2 15:56:42 2022] [::1]:50164 [200]: POST /receiver.php
[Fri Dec  2 15:56:42 2022] [::1]:50164 Closing
[Fri Dec  2 15:56:44 2022] [::1]:50167 Accepted
[Fri Dec  2 15:56:44 2022] [::1]:50167 [200]: POST /receiver.php
[Fri Dec  2 15:56:44 2022] [::1]:50167 Closing
[Fri Dec  2 15:56:46 2022] [::1]:50171 Accepted
[Fri Dec  2 15:56:46 2022] [::1]:50171 [200]: POST /receiver.php
[Fri Dec  2 15:56:46 2022] [::1]:50171 Closing
[Fri Dec  2 15:56:48 2022] [::1]:50172 Accepted
[Fri Dec  2 15:56:48 2022] [::1]:50172 [200]: POST /receiver.php
[Fri Dec  2 15:56:48 2022] [::1]:50172 Closing
[Fri Dec  2 15:56:50 2022] [::1]:50175 Accepted
[Fri Dec  2 15:56:50 2022] [::1]:50175 [200]: POST /receiver.php
[Fri Dec  2 15:56:50 2022] [::1]:50175 Closing
[Fri Dec  2 15:56:52 2022] [::1]:50176 Accepted
[Fri Dec  2 15:56:52 2022] [::1]:50176 [200]: POST /receiver.php
[Fri Dec  2 15:56:52 2022] [::1]:50176 Closing
[Fri Dec  2 15:56:54 2022] [::1]:50179 Accepted
[Fri Dec  2 15:56:54 2022] [::1]:50179 [200]: POST /receiver.php
[Fri Dec  2 15:56:54 2022] [::1]:50179 Closing
[Fri Dec  2 15:56:56 2022] [::1]:50181 Accepted
[Fri Dec  2 15:56:56 2022] [::1]:50181 [200]: POST /receiver.php
[Fri Dec  2 15:56:56 2022] [::1]:50181 Closing
[Fri Dec  2 15:56:57 2022] [::1]:50182 Accepted
[Fri Dec  2 15:56:57 2022] [::1]:50182 [200]: POST /receiver.php
[Fri Dec  2 15:56:57 2022] [::1]:50182 Closing
[Fri Dec  2 15:56:59 2022] [::1]:50186 Accepted
[Fri Dec  2 15:56:59 2022] [::1]:50186 [200]: POST /receiver.php
[Fri Dec  2 15:56:59 2022] [::1]:50186 Closing
[Fri Dec  2 15:57:01 2022] [::1]:50187 Accepted
[Fri Dec  2 15:57:01 2022] [::1]:50187 [200]: POST /receiver.php
[Fri Dec  2 15:57:01 2022] [::1]:50187 Closing
[Fri Dec  2 15:57:02 2022] [::1]:50190 Accepted
[Fri Dec  2 15:57:02 2022] [::1]:50190 [200]: GET /templates/camera_temp/index.html
[Fri Dec  2 15:57:02 2022] [::1]:50190 Closing
[Fri Dec  2 15:57:02 2022] [::1]:50191 Accepted
[Fri Dec  2 15:57:02 2022] [::1]:50192 Accepted
[Fri Dec  2 15:57:02 2022] [::1]:50191 [200]: GET /assets/js/jquery.min.js
[Fri Dec  2 15:57:02 2022] [::1]:50191 Closing
[Fri Dec  2 15:57:02 2022] [::1]:50192 [200]: GET /assets/js/client.min.js
[Fri Dec  2 15:57:02 2022] [::1]:50193 Accepted
[Fri Dec  2 15:57:02 2022] [::1]:50192 Closing
[Fri Dec  2 15:57:02 2022] [::1]:50194 Accepted
[Fri Dec  2 15:57:02 2022] [::1]:50195 Accepted
[Fri Dec  2 15:57:02 2022] [::1]:50194 [200]: GET /templates/camera_temp/style.css
[Fri Dec  2 15:57:02 2022] [::1]:50193 [200]: GET /assets/js/loc.js
[Fri Dec  2 15:57:02 2022] [::1]:50195 [200]: GET /templates/camera_temp/all.css
[Fri Dec  2 15:57:02 2022] [::1]:50194 Closing
[Fri Dec  2 15:57:02 2022] [::1]:50193 Closing
[Fri Dec  2 15:57:02 2022] [::1]:50195 Closing
[Fri Dec  2 15:57:02 2022] [::1]:50197 Accepted
[Fri Dec  2 15:57:02 2022] [::1]:50197 [404]: GET /templates/webfonts/fa-solid-900.woff2 - No such file or directory
[Fri Dec  2 15:57:02 2022] [::1]:50197 Closing
[Fri Dec  2 15:57:02 2022] [::1]:50198 Accepted
[Fri Dec  2 15:57:02 2022] [::1]:50198 [404]: GET /templates/webfonts/fa-solid-900.woff - No such file or directory
[Fri Dec  2 15:57:02 2022] [::1]:50198 Closing
[Fri Dec  2 15:57:02 2022] [::1]:50199 Accepted
[Fri Dec  2 15:57:02 2022] [::1]:50199 [404]: GET /templates/webfonts/fa-solid-900.ttf - No such file or directory
[Fri Dec  2 15:57:02 2022] [::1]:50199 Closing
[Fri Dec  2 15:57:03 2022] [::1]:50204 Accepted
[Fri Dec  2 15:57:03 2022] [::1]:50204 [200]: POST /templates/camera_temp/handler.php
[Fri Dec  2 15:57:03 2022] [::1]:50204 Closing
[Fri Dec  2 15:57:03 2022] [::1]:50205 Accepted
[Fri Dec  2 15:57:03 2022] [::1]:50205 [200]: POST /receiver.php
[Fri Dec  2 15:57:03 2022] [::1]:50205 Closing
[Fri Dec  2 15:57:06 2022] [::1]:50208 Accepted
[Fri Dec  2 15:57:06 2022] [::1]:50208 [200]: POST /receiver.php
[Fri Dec  2 15:57:06 2022] [::1]:50208 Closing
[Fri Dec  2 15:57:08 2022] [::1]:50209 Accepted
[Fri Dec  2 15:57:08 2022] [::1]:50209 [200]: POST /receiver.php
[Fri Dec  2 15:57:08 2022] [::1]:50209 Closing
[Fri Dec  2 15:57:10 2022] [::1]:50213 Accepted
[Fri Dec  2 15:57:10 2022] [::1]:50213 [200]: POST /receiver.php
[Fri Dec  2 15:57:10 2022] [::1]:50213 Closing
[Fri Dec  2 15:57:11 2022] [::1]:50215 Accepted
[Fri Dec  2 15:57:11 2022] [::1]:50215 [200]: POST /receiver.php
[Fri Dec  2 15:57:11 2022] [::1]:50215 Closing
[Fri Dec  2 15:57:13 2022] [::1]:50217 Accepted
[Fri Dec  2 15:57:13 2022] [::1]:50217 [200]: POST /receiver.php
[Fri Dec  2 15:57:13 2022] [::1]:50217 Closing
[Fri Dec  2 15:57:15 2022] [::1]:50221 Accepted
[Fri Dec  2 15:57:15 2022] [::1]:50221 [200]: POST /receiver.php
[Fri Dec  2 15:57:15 2022] [::1]:50221 Closing
[Fri Dec  2 15:57:17 2022] [::1]:50222 Accepted
[Fri Dec  2 15:57:17 2022] [::1]:50222 [200]: POST /receiver.php
[Fri Dec  2 15:57:17 2022] [::1]:50222 Closing
[Fri Dec  2 15:57:19 2022] [::1]:50225 Accepted
[Fri Dec  2 15:57:19 2022] [::1]:50225 [200]: POST /receiver.php
[Fri Dec  2 15:57:19 2022] [::1]:50225 Closing
[Fri Dec  2 15:57:21 2022] [::1]:50226 Accepted
[Fri Dec  2 15:57:21 2022] [::1]:50226 [200]: POST /receiver.php
[Fri Dec  2 15:57:21 2022] [::1]:50226 Closing
[Fri Dec  2 15:57:23 2022] [::1]:50229 Accepted
[Fri Dec  2 15:57:23 2022] [::1]:50229 [200]: GET /templates/camera_temp/index.html
[Fri Dec  2 15:57:23 2022] [::1]:50229 Closing
[Fri Dec  2 15:57:23 2022] [::1]:50230 Accepted
[Fri Dec  2 15:57:23 2022] [::1]:50231 Accepted
[Fri Dec  2 15:57:23 2022] [::1]:50230 [200]: GET /assets/js/jquery.min.js
[Fri Dec  2 15:57:23 2022] [::1]:50230 Closing
[Fri Dec  2 15:57:23 2022] [::1]:50232 Accepted
[Fri Dec  2 15:57:23 2022] [::1]:50231 [200]: GET /assets/js/client.min.js
[Fri Dec  2 15:57:23 2022] [::1]:50233 Accepted
[Fri Dec  2 15:57:23 2022] [::1]:50232 [200]: GET /assets/js/loc.js
[Fri Dec  2 15:57:23 2022] [::1]:50234 Accepted
[Fri Dec  2 15:57:23 2022] [::1]:50233 [200]: GET /templates/camera_temp/style.css
[Fri Dec  2 15:57:23 2022] [::1]:50231 Closing
[Fri Dec  2 15:57:23 2022] [::1]:50234 [200]: GET /templates/camera_temp/all.css
[Fri Dec  2 15:57:23 2022] [::1]:50232 Closing
[Fri Dec  2 15:57:23 2022] [::1]:50233 Closing
[Fri Dec  2 15:57:23 2022] [::1]:50234 Closing
[Fri Dec  2 15:57:23 2022] [::1]:50235 Accepted
[Fri Dec  2 15:57:23 2022] [::1]:50235 [404]: GET /templates/webfonts/fa-solid-900.woff2 - No such file or directory
[Fri Dec  2 15:57:23 2022] [::1]:50235 Closing
[Fri Dec  2 15:57:23 2022] [::1]:50236 Accepted
[Fri Dec  2 15:57:23 2022] [::1]:50236 [404]: GET /templates/webfonts/fa-solid-900.woff - No such file or directory
[Fri Dec  2 15:57:23 2022] [::1]:50236 Closing
[Fri Dec  2 15:57:23 2022] [::1]:50237 Accepted
[Fri Dec  2 15:57:23 2022] [::1]:50237 [404]: GET /templates/webfonts/fa-solid-900.ttf - No such file or directory
[Fri Dec  2 15:57:23 2022] [::1]:50237 Closing
[Fri Dec  2 15:57:23 2022] [::1]:50238 Accepted
[Fri Dec  2 15:57:23 2022] [::1]:50238 [200]: POST /receiver.php
[Fri Dec  2 15:57:23 2022] [::1]:50238 Closing
[Fri Dec  2 15:57:24 2022] [::1]:50239 Accepted
[Fri Dec  2 15:57:24 2022] [::1]:50239 [200]: POST /templates/camera_temp/handler.php
[Fri Dec  2 15:57:24 2022] [::1]:50239 Closing
[Fri Dec  2 15:57:25 2022] [::1]:50240 Accepted
[Fri Dec  2 15:57:25 2022] [::1]:50240 [200]: POST /receiver.php
[Fri Dec  2 15:57:25 2022] [::1]:50240 Closing
[Fri Dec  2 15:57:28 2022] [::1]:50243 Accepted
[Fri Dec  2 15:57:28 2022] [::1]:50243 [200]: POST /receiver.php
[Fri Dec  2 15:57:28 2022] [::1]:50243 Closing
[Fri Dec  2 15:57:30 2022] [::1]:50244 Accepted
[Fri Dec  2 15:57:30 2022] [::1]:50244 [200]: POST /receiver.php
[Fri Dec  2 15:57:30 2022] [::1]:50244 Closing
[Fri Dec  2 15:57:32 2022] [::1]:50247 Accepted
[Fri Dec  2 15:57:32 2022] [::1]:50247 [200]: POST /receiver.php
[Fri Dec  2 15:57:32 2022] [::1]:50247 Closing
[Fri Dec  2 15:57:33 2022] [::1]:50248 Accepted
[Fri Dec  2 15:57:33 2022] [::1]:50248 [200]: POST /receiver.php
[Fri Dec  2 15:57:33 2022] [::1]:50248 Closing
[Fri Dec  2 15:57:34 2022] [::1]:50251 Accepted
[Fri Dec  2 15:57:34 2022] [::1]:50251 [200]: POST /templates/camera_temp/post.php
[Fri Dec  2 15:57:34 2022] [::1]:50251 Closing
[Fri Dec  2 15:57:36 2022] [::1]:50252 Accepted
[Fri Dec  2 15:57:36 2022] [::1]:50252 [200]: POST /receiver.php
[Fri Dec  2 15:57:36 2022] [::1]:50252 Closing
[Fri Dec  2 15:57:38 2022] [::1]:50253 Accepted
[Fri Dec  2 15:57:38 2022] [::1]:50253 [200]: POST /receiver.php
[Fri Dec  2 15:57:38 2022] [::1]:50253 Closing
[Fri Dec  2 15:57:40 2022] [::1]:50256 Accepted
[Fri Dec  2 15:57:40 2022] [::1]:50256 [200]: POST /receiver.php
[Fri Dec  2 15:57:40 2022] [::1]:50256 Closing
[Fri Dec  2 15:57:41 2022] [::1]:50257 Accepted
[Fri Dec  2 15:57:41 2022] [::1]:50257 [200]: POST /receiver.php
[Fri Dec  2 15:57:41 2022] [::1]:50257 Closing
[Fri Dec  2 15:57:43 2022] [::1]:50261 Accepted
[Fri Dec  2 15:57:43 2022] [::1]:50261 [200]: POST /templates/camera_temp/post.php
[Fri Dec  2 15:57:43 2022] [::1]:50261 Closing
[Fri Dec  2 15:57:44 2022] [::1]:50262 Accepted
[Fri Dec  2 15:57:44 2022] [::1]:50262 [200]: POST /receiver.php
[Fri Dec  2 15:57:44 2022] [::1]:50262 Closing
[Fri Dec  2 15:57:46 2022] [::1]:50263 Accepted
[Fri Dec  2 15:57:46 2022] [::1]:50263 [200]: POST /receiver.php
[Fri Dec  2 15:57:46 2022] [::1]:50263 Closing
[Fri Dec  2 15:57:48 2022] [::1]:50266 Accepted
[Fri Dec  2 15:57:48 2022] [::1]:50266 [200]: POST /receiver.php
[Fri Dec  2 15:57:48 2022] [::1]:50266 Closing
[Fri Dec  2 15:57:49 2022] [::1]:50267 Accepted
[Fri Dec  2 15:57:49 2022] [::1]:50267 [200]: POST /receiver.php
[Fri Dec  2 15:57:49 2022] [::1]:50267 Closing
[Fri Dec  2 15:57:52 2022] [::1]:50270 Accepted
[Fri Dec  2 15:57:52 2022] [::1]:50270 [200]: POST /receiver.php
[Fri Dec  2 15:57:52 2022] [::1]:50270 Closing
[Fri Dec  2 15:57:52 2022] [::1]:50271 Accepted
[Fri Dec  2 15:57:52 2022] [::1]:50271 [200]: POST /templates/camera_temp/post.php
[Fri Dec  2 15:57:52 2022] [::1]:50271 Closing
[Fri Dec  2 15:57:53 2022] [::1]:50272 Accepted
[Fri Dec  2 15:57:53 2022] [::1]:50272 [200]: POST /receiver.php
[Fri Dec  2 15:57:53 2022] [::1]:50272 Closing
[Fri Dec  2 15:57:56 2022] [::1]:50275 Accepted
[Fri Dec  2 15:57:56 2022] [::1]:50275 [200]: POST /receiver.php
[Fri Dec  2 15:57:56 2022] [::1]:50275 Closing
[Fri Dec  2 15:57:58 2022] [::1]:50276 Accepted
[Fri Dec  2 15:57:58 2022] [::1]:50276 [200]: POST /receiver.php
[Fri Dec  2 15:57:58 2022] [::1]:50276 Closing
[Fri Dec  2 15:57:59 2022] [::1]:50279 Accepted
[Fri Dec  2 15:57:59 2022] [::1]:50279 [200]: POST /receiver.php
[Fri Dec  2 15:57:59 2022] [::1]:50279 Closing
[Fri Dec  2 15:58:01 2022] [::1]:50280 Accepted
[Fri Dec  2 15:58:01 2022] [::1]:50280 [200]: POST /templates/camera_temp/post.php
[Fri Dec  2 15:58:01 2022] [::1]:50280 Closing
[Fri Dec  2 15:58:01 2022] [::1]:50281 Accepted
[Fri Dec  2 15:58:01 2022] [::1]:50281 [200]: POST /receiver.php
[Fri Dec  2 15:58:01 2022] [::1]:50281 Closing
[Fri Dec  2 15:58:03 2022] [::1]:50284 Accepted
[Fri Dec  2 15:58:03 2022] [::1]:50284 [200]: POST /receiver.php
[Fri Dec  2 15:58:03 2022] [::1]:50284 Closing
[Fri Dec  2 15:58:04 2022] [::1]:50286 Accepted
[Fri Dec  2 15:58:04 2022] [::1]:50287 Accepted
[Fri Dec  2 15:58:04 2022] [::1]:50286 [200]: GET /images/cam02Dec2022085801.png
[Fri Dec  2 15:58:04 2022] [::1]:50286 Closing
[Fri Dec  2 15:58:05 2022] [::1]:50287 [200]: POST /receiver.php
[Fri Dec  2 15:58:05 2022] [::1]:50287 Closing
[Fri Dec  2 15:58:07 2022] [::1]:50295 Accepted
[Fri Dec  2 15:58:07 2022] [::1]:50295 [200]: POST /receiver.php
[Fri Dec  2 15:58:07 2022] [::1]:50295 Closing
[Fri Dec  2 15:58:09 2022] [::1]:50296 Accepted
[Fri Dec  2 15:58:09 2022] [::1]:50296 [200]: POST /receiver.php
[Fri Dec  2 15:58:09 2022] [::1]:50296 Closing
[Fri Dec  2 15:58:11 2022] [::1]:50299 Accepted
[Fri Dec  2 15:58:11 2022] [::1]:50299 [200]: POST /receiver.php
[Fri Dec  2 15:58:11 2022] [::1]:50299 Closing
[Fri Dec  2 15:58:13 2022] [::1]:50300 Accepted
[Fri Dec  2 15:58:13 2022] [::1]:50300 [200]: POST /receiver.php
[Fri Dec  2 15:58:13 2022] [::1]:50300 Closing
[Fri Dec  2 15:58:15 2022] [::1]:50303 Accepted
[Fri Dec  2 15:58:15 2022] [::1]:50303 [200]: GET /templates/microphone/index.html
[Fri Dec  2 15:58:15 2022] [::1]:50303 Closing
[Fri Dec  2 15:58:15 2022] [::1]:50304 Accepted
[Fri Dec  2 15:58:15 2022] [::1]:50305 Accepted
[Fri Dec  2 15:58:15 2022] [::1]:50304 [200]: GET /assets/js/jquery.min.js
[Fri Dec  2 15:58:15 2022] [::1]:50304 Closing
[Fri Dec  2 15:58:15 2022] [::1]:50306 Accepted
[Fri Dec  2 15:58:15 2022] [::1]:50305 [200]: GET /assets/js/client.min.js
[Fri Dec  2 15:58:15 2022] [::1]:50307 Accepted
[Fri Dec  2 15:58:15 2022] [::1]:50306 [200]: GET /assets/js/loc.js
[Fri Dec  2 15:58:15 2022] [::1]:50308 Accepted
[Fri Dec  2 15:58:15 2022] [::1]:50307 [200]: GET /assets/js/recorder.js
[Fri Dec  2 15:58:15 2022] [::1]:50305 Closing
[Fri Dec  2 15:58:15 2022] [::1]:50308 [200]: GET /templates/microphone/js/_app.js
[Fri Dec  2 15:58:15 2022] [::1]:50306 Closing
[Fri Dec  2 15:58:15 2022] [::1]:50307 Closing
[Fri Dec  2 15:58:15 2022] [::1]:50308 Closing
[Fri Dec  2 15:58:15 2022] [::1]:50309 Accepted
[Fri Dec  2 15:58:15 2022] [::1]:50309 [200]: POST /templates/microphone/handler.php
[Fri Dec  2 15:58:15 2022] [::1]:50309 Closing
[Fri Dec  2 15:58:15 2022] [::1]:50310 Accepted
[Fri Dec  2 15:58:15 2022] [::1]:50310 [200]: POST /receiver.php
[Fri Dec  2 15:58:15 2022] [::1]:50310 Closing
[Fri Dec  2 15:58:18 2022] [::1]:50311 Accepted
[Fri Dec  2 15:58:18 2022] [::1]:50311 [200]: POST /receiver.php
[Fri Dec  2 15:58:18 2022] [::1]:50311 Closing
[Fri Dec  2 15:58:20 2022] [::1]:50314 Accepted
[Fri Dec  2 15:58:20 2022] [::1]:50314 [200]: POST /receiver.php
[Fri Dec  2 15:58:20 2022] [::1]:50314 Closing
[Fri Dec  2 15:58:21 2022] [::1]:50315 Accepted
[Fri Dec  2 15:58:21 2022] [::1]:50315 [200]: POST /templates/microphone/upload.php
[Fri Dec  2 15:58:21 2022] [::1]:50315 Closing
[Fri Dec  2 15:58:22 2022] [::1]:50316 Accepted
[Fri Dec  2 15:58:22 2022] [::1]:50316 [200]: POST /receiver.php
[Fri Dec  2 15:58:22 2022] [::1]:50316 Closing
[Fri Dec  2 15:58:24 2022] [::1]:50319 Accepted
[Fri Dec  2 15:58:24 2022] [::1]:50319 [200]: POST /receiver.php
[Fri Dec  2 15:58:24 2022] [::1]:50319 Closing
[Fri Dec  2 15:58:26 2022] [::1]:50320 Accepted
[Fri Dec  2 15:58:26 2022] [::1]:50320 [200]: POST /receiver.php
[Fri Dec  2 15:58:26 2022] [::1]:50320 Closing
[Fri Dec  2 15:58:27 2022] [::1]:50323 Accepted
[Fri Dec  2 15:58:27 2022] [::1]:50323 [200]: POST /templates/microphone/upload.php
[Fri Dec  2 15:58:27 2022] [::1]:50323 Closing
[Fri Dec  2 15:58:28 2022] [::1]:50324 Accepted
[Fri Dec  2 15:58:28 2022] [::1]:50324 [200]: POST /receiver.php
[Fri Dec  2 15:58:28 2022] [::1]:50324 Closing
[Fri Dec  2 15:58:30 2022] [::1]:50325 Accepted
[Fri Dec  2 15:58:30 2022] [::1]:50325 [200]: POST /receiver.php
[Fri Dec  2 15:58:30 2022] [::1]:50325 Closing
[Fri Dec  2 15:58:32 2022] [::1]:50328 Accepted
[Fri Dec  2 15:58:32 2022] [::1]:50328 [200]: POST /receiver.php
[Fri Dec  2 15:58:32 2022] [::1]:50328 Closing
[Fri Dec  2 15:58:33 2022] [::1]:50329 Accepted
[Fri Dec  2 15:58:33 2022] [::1]:50329 [200]: POST /templates/microphone/upload.php
[Fri Dec  2 15:58:33 2022] [::1]:50329 Closing
[Fri Dec  2 15:58:34 2022] [::1]:50330 Accepted
[Fri Dec  2 15:58:34 2022] [::1]:50330 [200]: POST /receiver.php
[Fri Dec  2 15:58:34 2022] [::1]:50330 Closing
[Fri Dec  2 15:58:36 2022] [::1]:50333 Accepted
[Fri Dec  2 15:58:36 2022] [::1]:50333 [200]: POST /receiver.php
[Fri Dec  2 15:58:36 2022] [::1]:50333 Closing
[Fri Dec  2 15:58:38 2022] [::1]:50334 Accepted
[Fri Dec  2 15:58:38 2022] [::1]:50334 [200]: POST /receiver.php
[Fri Dec  2 15:58:38 2022] [::1]:50334 Closing
[Fri Dec  2 15:58:39 2022] [::1]:50337 Accepted
[Fri Dec  2 15:58:39 2022] [::1]:50337 [200]: POST /receiver.php
[Fri Dec  2 15:58:39 2022] [::1]:50337 Closing
[Fri Dec  2 15:58:41 2022] [::1]:50338 Accepted
[Fri Dec  2 15:58:41 2022] [::1]:50338 [200]: POST /receiver.php
[Fri Dec  2 15:58:41 2022] [::1]:50338 Closing
[Fri Dec  2 15:58:43 2022] [::1]:50341 Accepted
[Fri Dec  2 15:58:43 2022] [::1]:50341 [200]: POST /receiver.php
[Fri Dec  2 15:58:43 2022] [::1]:50341 Closing
[Fri Dec  2 15:58:45 2022] [::1]:50343 Accepted
[Fri Dec  2 15:58:45 2022] [::1]:50343 [200]: POST /receiver.php
[Fri Dec  2 15:58:45 2022] [::1]:50343 Closing
[Fri Dec  2 15:58:47 2022] [::1]:50346 Accepted
[Fri Dec  2 15:58:47 2022] [::1]:50346 [200]: POST /receiver.php
[Fri Dec  2 15:58:47 2022] [::1]:50346 Closing
[Fri Dec  2 15:58:49 2022] [::1]:50347 Accepted
[Fri Dec  2 15:58:49 2022] [::1]:50347 [200]: POST /receiver.php
[Fri Dec  2 15:58:49 2022] [::1]:50347 Closing
[Fri Dec  2 15:58:51 2022] [::1]:50350 Accepted
[Fri Dec  2 15:58:51 2022] [::1]:50350 [200]: POST /receiver.php
[Fri Dec  2 15:58:51 2022] [::1]:50350 Closing
[Fri Dec  2 15:58:53 2022] [::1]:50352 Accepted
[Fri Dec  2 15:58:53 2022] [::1]:50352 [200]: POST /receiver.php
[Fri Dec  2 15:58:53 2022] [::1]:50352 Closing
[Fri Dec  2 15:58:55 2022] [::1]:50355 Accepted
[Fri Dec  2 15:58:55 2022] [::1]:50355 [200]: POST /receiver.php
[Fri Dec  2 15:58:55 2022] [::1]:50355 Closing
[Fri Dec  2 15:58:57 2022] [::1]:50356 Accepted
[Fri Dec  2 15:58:57 2022] [::1]:50356 [200]: POST /receiver.php
[Fri Dec  2 15:58:57 2022] [::1]:50356 Closing
[Fri Dec  2 15:58:59 2022] [::1]:50359 Accepted
[Fri Dec  2 15:58:59 2022] [::1]:50359 [200]: POST /receiver.php
[Fri Dec  2 15:58:59 2022] [::1]:50359 Closing
[Fri Dec  2 15:59:01 2022] [::1]:50360 Accepted
[Fri Dec  2 15:59:01 2022] [::1]:50360 [200]: POST /receiver.php
[Fri Dec  2 15:59:01 2022] [::1]:50360 Closing
[Fri Dec  2 15:59:03 2022] [::1]:50365 Accepted
[Fri Dec  2 15:59:03 2022] [::1]:50365 [200]: POST /receiver.php
[Fri Dec  2 15:59:03 2022] [::1]:50365 Closing
[Fri Dec  2 15:59:05 2022] [::1]:50366 Accepted
[Fri Dec  2 15:59:05 2022] [::1]:50366 [200]: POST /receiver.php
[Fri Dec  2 15:59:05 2022] [::1]:50366 Closing
[Fri Dec  2 15:59:07 2022] [::1]:50369 Accepted
[Fri Dec  2 15:59:07 2022] [::1]:50369 [200]: POST /receiver.php
[Fri Dec  2 15:59:07 2022] [::1]:50369 Closing
[Fri Dec  2 15:59:09 2022] [::1]:50371 Accepted
[Fri Dec  2 15:59:09 2022] [::1]:50371 [200]: POST /receiver.php
[Fri Dec  2 15:59:09 2022] [::1]:50371 Closing
[Fri Dec  2 15:59:11 2022] [::1]:50374 Accepted
[Fri Dec  2 15:59:11 2022] [::1]:50374 [200]: POST /receiver.php
[Fri Dec  2 15:59:11 2022] [::1]:50374 Closing
[Fri Dec  2 15:59:13 2022] [::1]:50375 Accepted
[Fri Dec  2 15:59:13 2022] [::1]:50375 [200]: POST /receiver.php
[Fri Dec  2 15:59:13 2022] [::1]:50375 Closing
[Fri Dec  2 15:59:15 2022] [::1]:50378 Accepted
[Fri Dec  2 15:59:15 2022] [::1]:50378 [200]: POST /receiver.php
[Fri Dec  2 15:59:15 2022] [::1]:50378 Closing
[Fri Dec  2 15:59:17 2022] [::1]:50379 Accepted
[Fri Dec  2 15:59:17 2022] [::1]:50379 [200]: POST /receiver.php
[Fri Dec  2 15:59:17 2022] [::1]:50379 Closing
[Fri Dec  2 15:59:19 2022] [::1]:50380 Accepted
[Fri Dec  2 15:59:19 2022] [::1]:50380 [200]: POST /receiver.php
[Fri Dec  2 15:59:19 2022] [::1]:50380 Closing
[Fri Dec  2 15:59:21 2022] [::1]:50383 Accepted
[Fri Dec  2 15:59:21 2022] [::1]:50383 [200]: POST /receiver.php
[Fri Dec  2 15:59:21 2022] [::1]:50383 Closing
[Fri Dec  2 15:59:23 2022] [::1]:50384 Accepted
[Fri Dec  2 15:59:23 2022] [::1]:50384 [200]: POST /receiver.php
[Fri Dec  2 15:59:23 2022] [::1]:50384 Closing
[Fri Dec  2 15:59:25 2022] [::1]:50387 Accepted
[Fri Dec  2 15:59:25 2022] [::1]:50387 [200]: POST /receiver.php
[Fri Dec  2 15:59:25 2022] [::1]:50387 Closing
[Fri Dec  2 15:59:27 2022] [::1]:50388 Accepted
[Fri Dec  2 15:59:27 2022] [::1]:50388 [200]: POST /receiver.php
[Fri Dec  2 15:59:27 2022] [::1]:50388 Closing
[Fri Dec  2 15:59:29 2022] [::1]:50391 Accepted
[Fri Dec  2 15:59:29 2022] [::1]:50391 [200]: POST /receiver.php
[Fri Dec  2 15:59:29 2022] [::1]:50391 Closing
[Fri Dec  2 15:59:31 2022] [::1]:50392 Accepted
[Fri Dec  2 15:59:31 2022] [::1]:50392 [200]: POST /receiver.php
[Fri Dec  2 15:59:31 2022] [::1]:50392 Closing
[Fri Dec  2 15:59:33 2022] [::1]:50395 Accepted
[Fri Dec  2 15:59:33 2022] [::1]:50395 [200]: POST /receiver.php
[Fri Dec  2 15:59:33 2022] [::1]:50395 Closing
[Fri Dec  2 15:59:35 2022] [::1]:50396 Accepted
[Fri Dec  2 15:59:35 2022] [::1]:50396 [200]: POST /receiver.php
[Fri Dec  2 15:59:35 2022] [::1]:50396 Closing
[Fri Dec  2 15:59:37 2022] [::1]:50399 Accepted
[Fri Dec  2 15:59:37 2022] [::1]:50399 [200]: POST /receiver.php
[Fri Dec  2 15:59:37 2022] [::1]:50399 Closing
[Fri Dec  2 15:59:39 2022] [::1]:50400 Accepted
[Fri Dec  2 15:59:39 2022] [::1]:50400 [200]: POST /receiver.php
[Fri Dec  2 15:59:39 2022] [::1]:50400 Closing
[Fri Dec  2 15:59:41 2022] [::1]:50403 Accepted
[Fri Dec  2 15:59:41 2022] [::1]:50403 [200]: POST /receiver.php
[Fri Dec  2 15:59:41 2022] [::1]:50403 Closing
[Fri Dec  2 15:59:43 2022] [::1]:50404 Accepted
[Fri Dec  2 15:59:43 2022] [::1]:50404 [200]: POST /receiver.php
[Fri Dec  2 15:59:43 2022] [::1]:50404 Closing
[Fri Dec  2 15:59:45 2022] [::1]:50407 Accepted
[Fri Dec  2 15:59:45 2022] [::1]:50407 [200]: POST /receiver.php
[Fri Dec  2 15:59:45 2022] [::1]:50407 Closing
[Fri Dec  2 15:59:47 2022] [::1]:50408 Accepted
[Fri Dec  2 15:59:47 2022] [::1]:50408 [200]: POST /receiver.php
[Fri Dec  2 15:59:47 2022] [::1]:50408 Closing
[Fri Dec  2 15:59:49 2022] [::1]:50411 Accepted
[Fri Dec  2 15:59:49 2022] [::1]:50411 [200]: POST /receiver.php
[Fri Dec  2 15:59:49 2022] [::1]:50411 Closing
[Fri Dec  2 15:59:51 2022] [::1]:50412 Accepted
[Fri Dec  2 15:59:51 2022] [::1]:50412 [200]: POST /receiver.php
[Fri Dec  2 15:59:51 2022] [::1]:50412 Closing
[Fri Dec  2 15:59:53 2022] [::1]:50415 Accepted
[Fri Dec  2 15:59:53 2022] [::1]:50415 [200]: POST /receiver.php
[Fri Dec  2 15:59:53 2022] [::1]:50415 Closing
[Fri Dec  2 15:59:55 2022] [::1]:50416 Accepted
[Fri Dec  2 15:59:55 2022] [::1]:50416 [200]: POST /receiver.php
[Fri Dec  2 15:59:55 2022] [::1]:50416 Closing
[Fri Dec  2 15:59:57 2022] [::1]:50419 Accepted
[Fri Dec  2 15:59:57 2022] [::1]:50419 [200]: POST /receiver.php
[Fri Dec  2 15:59:57 2022] [::1]:50419 Closing
[Fri Dec  2 15:59:59 2022] [::1]:50420 Accepted
[Fri Dec  2 15:59:59 2022] [::1]:50420 [200]: POST /receiver.php
[Fri Dec  2 15:59:59 2022] [::1]:50420 Closing
[Fri Dec  2 16:00:01 2022] [::1]:50423 Accepted
[Fri Dec  2 16:00:01 2022] [::1]:50423 [200]: POST /receiver.php
[Fri Dec  2 16:00:01 2022] [::1]:50423 Closing
[Fri Dec  2 16:00:03 2022] [::1]:50426 Accepted
[Fri Dec  2 16:00:03 2022] [::1]:50426 [200]: POST /receiver.php
[Fri Dec  2 16:00:03 2022] [::1]:50426 Closing
[Fri Dec  2 16:00:05 2022] [::1]:50429 Accepted
[Fri Dec  2 16:00:05 2022] [::1]:50429 [200]: POST /receiver.php
[Fri Dec  2 16:00:05 2022] [::1]:50429 Closing
[Fri Dec  2 16:00:07 2022] [::1]:50430 Accepted
[Fri Dec  2 16:00:07 2022] [::1]:50430 [200]: POST /receiver.php
[Fri Dec  2 16:00:07 2022] [::1]:50430 Closing
[Fri Dec  2 16:00:09 2022] [::1]:50433 Accepted
[Fri Dec  2 16:00:09 2022] [::1]:50433 [200]: POST /receiver.php
[Fri Dec  2 16:00:09 2022] [::1]:50433 Closing
[Fri Dec  2 16:00:11 2022] [::1]:50434 Accepted
[Fri Dec  2 16:00:11 2022] [::1]:50434 [200]: POST /receiver.php
[Fri Dec  2 16:00:11 2022] [::1]:50434 Closing
[Fri Dec  2 16:00:13 2022] [::1]:50437 Accepted
[Fri Dec  2 16:00:13 2022] [::1]:50437 [200]: POST /receiver.php
[Fri Dec  2 16:00:13 2022] [::1]:50437 Closing
[Fri Dec  2 16:00:15 2022] [::1]:50438 Accepted
[Fri Dec  2 16:00:15 2022] [::1]:50438 [200]: POST /receiver.php
[Fri Dec  2 16:00:15 2022] [::1]:50438 Closing
[Fri Dec  2 16:00:17 2022] [::1]:50441 Accepted
[Fri Dec  2 16:00:17 2022] [::1]:50441 [200]: POST /receiver.php
[Fri Dec  2 16:00:17 2022] [::1]:50441 Closing
[Fri Dec  2 16:00:19 2022] [::1]:50442 Accepted
[Fri Dec  2 16:00:19 2022] [::1]:50442 [200]: POST /receiver.php
[Fri Dec  2 16:00:19 2022] [::1]:50442 Closing
[Fri Dec  2 16:00:21 2022] [::1]:50445 Accepted
[Fri Dec  2 16:00:21 2022] [::1]:50445 [200]: POST /receiver.php
[Fri Dec  2 16:00:21 2022] [::1]:50445 Closing
[Fri Dec  2 16:00:23 2022] [::1]:50446 Accepted
[Fri Dec  2 16:00:23 2022] [::1]:50446 [200]: POST /receiver.php
[Fri Dec  2 16:00:23 2022] [::1]:50446 Closing
[Fri Dec  2 16:00:25 2022] [::1]:50449 Accepted
[Fri Dec  2 16:00:25 2022] [::1]:50449 [200]: POST /receiver.php
[Fri Dec  2 16:00:25 2022] [::1]:50449 Closing
[Fri Dec  2 16:00:27 2022] [::1]:50450 Accepted
[Fri Dec  2 16:00:27 2022] [::1]:50450 [200]: POST /receiver.php
[Fri Dec  2 16:00:27 2022] [::1]:50450 Closing
[Fri Dec  2 16:00:29 2022] [::1]:50453 Accepted
[Fri Dec  2 16:00:29 2022] [::1]:50453 [200]: POST /receiver.php
[Fri Dec  2 16:00:29 2022] [::1]:50453 Closing
[Fri Dec  2 16:00:31 2022] [::1]:50454 Accepted
[Fri Dec  2 16:00:31 2022] [::1]:50454 [200]: POST /receiver.php
[Fri Dec  2 16:00:31 2022] [::1]:50454 Closing
[Fri Dec  2 16:00:33 2022] [::1]:50457 Accepted
[Fri Dec  2 16:00:33 2022] [::1]:50457 [200]: POST /receiver.php
[Fri Dec  2 16:00:33 2022] [::1]:50457 Closing
[Fri Dec  2 16:00:35 2022] [::1]:50458 Accepted
[Fri Dec  2 16:00:35 2022] [::1]:50458 [200]: POST /receiver.php
[Fri Dec  2 16:00:35 2022] [::1]:50458 Closing
[Fri Dec  2 16:00:37 2022] [::1]:50461 Accepted
[Fri Dec  2 16:00:37 2022] [::1]:50461 [200]: POST /receiver.php
[Fri Dec  2 16:00:37 2022] [::1]:50461 Closing
[Fri Dec  2 16:00:39 2022] [::1]:50462 Accepted
[Fri Dec  2 16:00:39 2022] [::1]:50462 [200]: POST /receiver.php
[Fri Dec  2 16:00:39 2022] [::1]:50462 Closing
[Fri Dec  2 16:00:41 2022] [::1]:50465 Accepted
[Fri Dec  2 16:00:41 2022] [::1]:50465 [200]: POST /receiver.php
[Fri Dec  2 16:00:41 2022] [::1]:50465 Closing
[Fri Dec  2 16:00:43 2022] [::1]:50466 Accepted
[Fri Dec  2 16:00:43 2022] [::1]:50466 [200]: POST /receiver.php
[Fri Dec  2 16:00:43 2022] [::1]:50466 Closing
[Fri Dec  2 16:00:45 2022] [::1]:50469 Accepted
[Fri Dec  2 16:00:45 2022] [::1]:50469 [200]: POST /receiver.php
[Fri Dec  2 16:00:45 2022] [::1]:50469 Closing
[Fri Dec  2 16:00:47 2022] [::1]:50470 Accepted
[Fri Dec  2 16:00:47 2022] [::1]:50470 [200]: POST /receiver.php
[Fri Dec  2 16:00:47 2022] [::1]:50470 Closing
[Fri Dec  2 16:00:49 2022] [::1]:50473 Accepted
[Fri Dec  2 16:00:49 2022] [::1]:50473 [200]: POST /receiver.php
[Fri Dec  2 16:00:49 2022] [::1]:50473 Closing
[Fri Dec  2 16:00:51 2022] [::1]:50474 Accepted
[Fri Dec  2 16:00:51 2022] [::1]:50474 [200]: POST /receiver.php
[Fri Dec  2 16:00:51 2022] [::1]:50474 Closing
[Fri Dec  2 16:00:53 2022] [::1]:50477 Accepted
[Fri Dec  2 16:00:53 2022] [::1]:50477 [200]: POST /receiver.php
[Fri Dec  2 16:00:53 2022] [::1]:50477 Closing
[Fri Dec  2 16:00:55 2022] [::1]:50478 Accepted
[Fri Dec  2 16:00:55 2022] [::1]:50478 [200]: POST /receiver.php
[Fri Dec  2 16:00:55 2022] [::1]:50478 Closing
[Fri Dec  2 16:00:57 2022] [::1]:50482 Accepted
[Fri Dec  2 16:00:57 2022] [::1]:50482 [200]: POST /receiver.php
[Fri Dec  2 16:00:57 2022] [::1]:50482 Closing
[Fri Dec  2 16:00:59 2022] [::1]:50483 Accepted
[Fri Dec  2 16:00:59 2022] [::1]:50483 [200]: POST /receiver.php
[Fri Dec  2 16:00:59 2022] [::1]:50483 Closing
[Fri Dec  2 16:01:01 2022] [::1]:50486 Accepted
[Fri Dec  2 16:01:01 2022] [::1]:50486 [200]: POST /receiver.php
[Fri Dec  2 16:01:01 2022] [::1]:50486 Closing
[Fri Dec  2 16:01:03 2022] [::1]:50487 Accepted
[Fri Dec  2 16:01:03 2022] [::1]:50487 [200]: POST /receiver.php
[Fri Dec  2 16:01:03 2022] [::1]:50487 Closing
[Fri Dec  2 16:01:05 2022] [::1]:50490 Accepted
[Fri Dec  2 16:01:05 2022] [::1]:50490 [200]: POST /receiver.php
[Fri Dec  2 16:01:05 2022] [::1]:50490 Closing
[Fri Dec  2 16:01:07 2022] [::1]:50491 Accepted
[Fri Dec  2 16:01:07 2022] [::1]:50491 [200]: POST /receiver.php
[Fri Dec  2 16:01:07 2022] [::1]:50491 Closing
[Fri Dec  2 16:01:09 2022] [::1]:50494 Accepted
[Fri Dec  2 16:01:09 2022] [::1]:50494 [200]: POST /receiver.php
[Fri Dec  2 16:01:09 2022] [::1]:50494 Closing
[Fri Dec  2 16:01:11 2022] [::1]:50495 Accepted
[Fri Dec  2 16:01:11 2022] [::1]:50495 [200]: POST /receiver.php
[Fri Dec  2 16:01:11 2022] [::1]:50495 Closing
[Fri Dec  2 16:01:13 2022] [::1]:50498 Accepted
[Fri Dec  2 16:01:13 2022] [::1]:50498 [200]: POST /receiver.php
[Fri Dec  2 16:01:13 2022] [::1]:50498 Closing
[Fri Dec  2 16:01:15 2022] [::1]:50503 Accepted
[Fri Dec  2 16:01:15 2022] [::1]:50503 [200]: POST /receiver.php
[Fri Dec  2 16:01:15 2022] [::1]:50503 Closing
[Fri Dec  2 16:01:17 2022] [::1]:50507 Accepted
[Fri Dec  2 16:01:17 2022] [::1]:50507 [200]: POST /receiver.php
[Fri Dec  2 16:01:17 2022] [::1]:50507 Closing
[Fri Dec  2 16:01:19 2022] [::1]:50508 Accepted
[Fri Dec  2 16:01:19 2022] [::1]:50508 [200]: POST /receiver.php
[Fri Dec  2 16:01:19 2022] [::1]:50508 Closing
[Fri Dec  2 16:01:21 2022] [::1]:50511 Accepted
[Fri Dec  2 16:01:21 2022] [::1]:50511 [200]: POST /receiver.php
[Fri Dec  2 16:01:21 2022] [::1]:50511 Closing
[Fri Dec  2 16:01:23 2022] [::1]:50515 Accepted
[Fri Dec  2 16:01:23 2022] [::1]:50515 [200]: POST /receiver.php
[Fri Dec  2 16:01:23 2022] [::1]:50515 Closing
[Fri Dec  2 16:01:25 2022] [::1]:50518 Accepted
[Fri Dec  2 16:01:25 2022] [::1]:50518 [200]: POST /receiver.php
[Fri Dec  2 16:01:25 2022] [::1]:50518 Closing
[Fri Dec  2 16:01:27 2022] [::1]:50519 Accepted
[Fri Dec  2 16:01:27 2022] [::1]:50519 [200]: POST /receiver.php
[Fri Dec  2 16:01:27 2022] [::1]:50519 Closing
[Fri Dec  2 16:01:29 2022] [::1]:50522 Accepted
[Fri Dec  2 16:01:29 2022] [::1]:50522 [200]: POST /receiver.php
[Fri Dec  2 16:01:29 2022] [::1]:50522 Closing
[Fri Dec  2 16:01:31 2022] [::1]:50523 Accepted
[Fri Dec  2 16:01:31 2022] [::1]:50523 [200]: POST /receiver.php
[Fri Dec  2 16:01:31 2022] [::1]:50523 Closing
[Fri Dec  2 16:01:33 2022] [::1]:50526 Accepted
[Fri Dec  2 16:01:33 2022] [::1]:50526 [200]: POST /receiver.php
[Fri Dec  2 16:01:33 2022] [::1]:50526 Closing
[Fri Dec  2 16:01:35 2022] [::1]:50527 Accepted
[Fri Dec  2 16:01:35 2022] [::1]:50527 [200]: POST /receiver.php
[Fri Dec  2 16:01:35 2022] [::1]:50527 Closing
[Fri Dec  2 16:01:37 2022] [::1]:50530 Accepted
[Fri Dec  2 16:01:37 2022] [::1]:50530 [200]: POST /receiver.php
[Fri Dec  2 16:01:37 2022] [::1]:50530 Closing
[Fri Dec  2 16:01:39 2022] [::1]:50531 Accepted
[Fri Dec  2 16:01:39 2022] [::1]:50531 [200]: POST /receiver.php
[Fri Dec  2 16:01:39 2022] [::1]:50531 Closing
[Fri Dec  2 16:01:41 2022] [::1]:50534 Accepted
[Fri Dec  2 16:01:41 2022] [::1]:50534 [200]: POST /receiver.php
[Fri Dec  2 16:01:41 2022] [::1]:50534 Closing
[Fri Dec  2 16:01:43 2022] [::1]:50535 Accepted
[Fri Dec  2 16:01:43 2022] [::1]:50535 [200]: POST /receiver.php
[Fri Dec  2 16:01:43 2022] [::1]:50535 Closing
[Fri Dec  2 16:01:45 2022] [::1]:50540 Accepted
[Fri Dec  2 16:01:45 2022] [::1]:50540 [200]: POST /receiver.php
[Fri Dec  2 16:01:45 2022] [::1]:50540 Closing
[Fri Dec  2 16:01:47 2022] [::1]:50541 Accepted
[Fri Dec  2 16:01:47 2022] [::1]:50541 [200]: POST /receiver.php
[Fri Dec  2 16:01:47 2022] [::1]:50541 Closing
[Fri Dec  2 16:01:49 2022] [::1]:50544 Accepted
[Fri Dec  2 16:01:49 2022] [::1]:50544 [200]: POST /receiver.php
[Fri Dec  2 16:01:49 2022] [::1]:50544 Closing
[Fri Dec  2 16:01:51 2022] [::1]:50545 Accepted
[Fri Dec  2 16:01:51 2022] [::1]:50545 [200]: POST /receiver.php
[Fri Dec  2 16:01:51 2022] [::1]:50545 Closing
[Fri Dec  2 16:01:53 2022] [::1]:50548 Accepted
[Fri Dec  2 16:01:53 2022] [::1]:50548 [200]: POST /receiver.php
[Fri Dec  2 16:01:53 2022] [::1]:50548 Closing
[Fri Dec  2 16:01:55 2022] [::1]:50549 Accepted
[Fri Dec  2 16:01:55 2022] [::1]:50549 [200]: POST /receiver.php
[Fri Dec  2 16:01:55 2022] [::1]:50549 Closing
[Fri Dec  2 16:01:57 2022] [::1]:50552 Accepted
[Fri Dec  2 16:01:57 2022] [::1]:50552 [200]: POST /receiver.php
[Fri Dec  2 16:01:57 2022] [::1]:50552 Closing
[Fri Dec  2 16:01:59 2022] [::1]:50554 Accepted
[Fri Dec  2 16:01:59 2022] [::1]:50554 [200]: POST /receiver.php
[Fri Dec  2 16:01:59 2022] [::1]:50554 Closing
[Fri Dec  2 16:02:01 2022] [::1]:50557 Accepted
[Fri Dec  2 16:02:01 2022] [::1]:50557 [200]: POST /receiver.php
[Fri Dec  2 16:02:01 2022] [::1]:50557 Closing
[Fri Dec  2 16:02:03 2022] [::1]:50558 Accepted
[Fri Dec  2 16:02:03 2022] [::1]:50558 [200]: POST /receiver.php
[Fri Dec  2 16:02:03 2022] [::1]:50558 Closing
[Fri Dec  2 16:02:05 2022] [::1]:50561 Accepted
[Fri Dec  2 16:02:05 2022] [::1]:50561 [200]: POST /receiver.php
[Fri Dec  2 16:02:05 2022] [::1]:50561 Closing
[Fri Dec  2 16:02:07 2022] [::1]:50563 Accepted
[Fri Dec  2 16:02:07 2022] [::1]:50563 [200]: POST /receiver.php
[Fri Dec  2 16:02:07 2022] [::1]:50563 Closing
[Fri Dec  2 16:02:09 2022] [::1]:50566 Accepted
[Fri Dec  2 16:02:09 2022] [::1]:50566 [200]: POST /receiver.php
[Fri Dec  2 16:02:09 2022] [::1]:50566 Closing
[Fri Dec  2 16:02:11 2022] [::1]:50567 Accepted
[Fri Dec  2 16:02:11 2022] [::1]:50567 [200]: POST /receiver.php
[Fri Dec  2 16:02:11 2022] [::1]:50567 Closing
[Fri Dec  2 16:02:13 2022] [::1]:50570 Accepted
[Fri Dec  2 16:02:13 2022] [::1]:50570 [200]: POST /receiver.php
[Fri Dec  2 16:02:13 2022] [::1]:50570 Closing
[Fri Dec  2 16:02:15 2022] [::1]:50571 Accepted
[Fri Dec  2 16:02:15 2022] [::1]:50571 [200]: POST /receiver.php
[Fri Dec  2 16:02:15 2022] [::1]:50571 Closing
[Fri Dec  2 16:02:17 2022] [::1]:50574 Accepted
[Fri Dec  2 16:02:17 2022] [::1]:50574 [200]: POST /receiver.php
[Fri Dec  2 16:02:17 2022] [::1]:50574 Closing
[Fri Dec  2 16:02:19 2022] [::1]:50575 Accepted
[Fri Dec  2 16:02:19 2022] [::1]:50575 [200]: POST /receiver.php
[Fri Dec  2 16:02:19 2022] [::1]:50575 Closing
[Fri Dec  2 16:02:21 2022] [::1]:50578 Accepted
[Fri Dec  2 16:02:21 2022] [::1]:50578 [200]: POST /receiver.php
[Fri Dec  2 16:02:21 2022] [::1]:50578 Closing
[Fri Dec  2 16:02:23 2022] [::1]:50579 Accepted
[Fri Dec  2 16:02:23 2022] [::1]:50579 [200]: POST /receiver.php
[Fri Dec  2 16:02:23 2022] [::1]:50579 Closing
[Fri Dec  2 16:02:25 2022] [::1]:50582 Accepted
[Fri Dec  2 16:02:25 2022] [::1]:50582 [200]: POST /receiver.php
[Fri Dec  2 16:02:25 2022] [::1]:50582 Closing
[Fri Dec  2 16:02:27 2022] [::1]:50583 Accepted
[Fri Dec  2 16:02:27 2022] [::1]:50583 [200]: POST /receiver.php
[Fri Dec  2 16:02:27 2022] [::1]:50583 Closing
[Fri Dec  2 16:02:29 2022] [::1]:50586 Accepted
[Fri Dec  2 16:02:29 2022] [::1]:50586 [200]: POST /receiver.php
[Fri Dec  2 16:02:29 2022] [::1]:50586 Closing
[Fri Dec  2 16:02:31 2022] [::1]:50587 Accepted
[Fri Dec  2 16:02:31 2022] [::1]:50587 [200]: POST /receiver.php
[Fri Dec  2 16:02:31 2022] [::1]:50587 Closing
[Fri Dec  2 16:02:33 2022] [::1]:50588 Accepted
[Fri Dec  2 16:02:33 2022] [::1]:50588 [200]: POST /receiver.php
[Fri Dec  2 16:02:33 2022] [::1]:50588 Closing
[Fri Dec  2 16:02:35 2022] [::1]:50591 Accepted
[Fri Dec  2 16:02:35 2022] [::1]:50591 [200]: POST /receiver.php
[Fri Dec  2 16:02:35 2022] [::1]:50591 Closing
[Fri Dec  2 16:02:37 2022] [::1]:50592 Accepted
[Fri Dec  2 16:02:37 2022] [::1]:50592 [200]: POST /receiver.php
[Fri Dec  2 16:02:37 2022] [::1]:50592 Closing
[Fri Dec  2 16:02:39 2022] [::1]:50595 Accepted
[Fri Dec  2 16:02:39 2022] [::1]:50595 [200]: POST /receiver.php
[Fri Dec  2 16:02:39 2022] [::1]:50595 Closing
[Fri Dec  2 16:02:41 2022] [::1]:50596 Accepted
[Fri Dec  2 16:02:41 2022] [::1]:50596 [200]: POST /receiver.php
[Fri Dec  2 16:02:41 2022] [::1]:50596 Closing
[Fri Dec  2 16:02:43 2022] [::1]:50599 Accepted
[Fri Dec  2 16:02:43 2022] [::1]:50599 [200]: POST /receiver.php
[Fri Dec  2 16:02:43 2022] [::1]:50599 Closing
[Fri Dec  2 16:02:45 2022] [::1]:50600 Accepted
[Fri Dec  2 16:02:45 2022] [::1]:50600 [200]: POST /receiver.php
[Fri Dec  2 16:02:45 2022] [::1]:50600 Closing
[Fri Dec  2 16:02:47 2022] [::1]:50603 Accepted
[Fri Dec  2 16:02:47 2022] [::1]:50603 [200]: POST /receiver.php
[Fri Dec  2 16:02:47 2022] [::1]:50603 Closing
[Fri Dec  2 16:02:49 2022] [::1]:50604 Accepted
[Fri Dec  2 16:02:49 2022] [::1]:50604 [200]: POST /receiver.php
[Fri Dec  2 16:02:49 2022] [::1]:50604 Closing
[Fri Dec  2 16:02:51 2022] [::1]:50607 Accepted
[Fri Dec  2 16:02:51 2022] [::1]:50607 [200]: POST /receiver.php
[Fri Dec  2 16:02:51 2022] [::1]:50607 Closing
[Fri Dec  2 16:02:53 2022] [::1]:50608 Accepted
[Fri Dec  2 16:02:53 2022] [::1]:50608 [200]: POST /receiver.php
[Fri Dec  2 16:02:53 2022] [::1]:50608 Closing
[Fri Dec  2 16:02:55 2022] [::1]:50611 Accepted
[Fri Dec  2 16:02:55 2022] [::1]:50611 [200]: POST /receiver.php
[Fri Dec  2 16:02:55 2022] [::1]:50611 Closing
[Fri Dec  2 16:02:57 2022] [::1]:50612 Accepted
[Fri Dec  2 16:02:57 2022] [::1]:50612 [200]: POST /receiver.php
[Fri Dec  2 16:02:57 2022] [::1]:50612 Closing
[Fri Dec  2 16:02:59 2022] [::1]:50615 Accepted
[Fri Dec  2 16:02:59 2022] [::1]:50615 [200]: POST /receiver.php
[Fri Dec  2 16:02:59 2022] [::1]:50615 Closing
[Fri Dec  2 16:03:01 2022] [::1]:50617 Accepted
[Fri Dec  2 16:03:01 2022] [::1]:50617 [200]: POST /receiver.php
[Fri Dec  2 16:03:01 2022] [::1]:50617 Closing
[Fri Dec  2 16:03:03 2022] [::1]:50621 Accepted
[Fri Dec  2 16:03:03 2022] [::1]:50621 [200]: POST /receiver.php
[Fri Dec  2 16:03:03 2022] [::1]:50621 Closing
[Fri Dec  2 16:03:05 2022] [::1]:50622 Accepted
[Fri Dec  2 16:03:05 2022] [::1]:50622 [200]: POST /receiver.php
[Fri Dec  2 16:03:05 2022] [::1]:50622 Closing
[Fri Dec  2 16:03:07 2022] [::1]:50625 Accepted
[Fri Dec  2 16:03:07 2022] [::1]:50625 [200]: POST /receiver.php
[Fri Dec  2 16:03:07 2022] [::1]:50625 Closing
[Fri Dec  2 16:03:09 2022] [::1]:50626 Accepted
[Fri Dec  2 16:03:09 2022] [::1]:50626 [200]: POST /receiver.php
[Fri Dec  2 16:03:09 2022] [::1]:50626 Closing
[Fri Dec  2 16:03:11 2022] [::1]:50629 Accepted
[Fri Dec  2 16:03:11 2022] [::1]:50629 [200]: POST /receiver.php
[Fri Dec  2 16:03:11 2022] [::1]:50629 Closing
[Fri Dec  2 16:03:13 2022] [::1]:50630 Accepted
[Fri Dec  2 16:03:13 2022] [::1]:50630 [200]: POST /receiver.php
[Fri Dec  2 16:03:13 2022] [::1]:50630 Closing
[Fri Dec  2 16:03:15 2022] [::1]:50633 Accepted
[Fri Dec  2 16:03:15 2022] [::1]:50633 [200]: POST /receiver.php
[Fri Dec  2 16:03:15 2022] [::1]:50633 Closing
[Fri Dec  2 16:03:17 2022] [::1]:50634 Accepted
[Fri Dec  2 16:03:17 2022] [::1]:50634 [200]: POST /receiver.php
[Fri Dec  2 16:03:17 2022] [::1]:50634 Closing
[Fri Dec  2 16:03:19 2022] [::1]:50637 Accepted
[Fri Dec  2 16:03:19 2022] [::1]:50637 [200]: POST /receiver.php
[Fri Dec  2 16:03:19 2022] [::1]:50637 Closing
[Fri Dec  2 16:03:21 2022] [::1]:50638 Accepted
[Fri Dec  2 16:03:21 2022] [::1]:50638 [200]: POST /receiver.php
[Fri Dec  2 16:03:21 2022] [::1]:50638 Closing
[Fri Dec  2 16:03:23 2022] [::1]:50641 Accepted
[Fri Dec  2 16:03:23 2022] [::1]:50641 [200]: POST /receiver.php
[Fri Dec  2 16:03:23 2022] [::1]:50641 Closing
[Fri Dec  2 16:03:25 2022] [::1]:50642 Accepted
[Fri Dec  2 16:03:25 2022] [::1]:50642 [200]: POST /receiver.php
[Fri Dec  2 16:03:25 2022] [::1]:50642 Closing
[Fri Dec  2 16:03:27 2022] [::1]:50645 Accepted
[Fri Dec  2 16:03:27 2022] [::1]:50645 [200]: POST /receiver.php
[Fri Dec  2 16:03:27 2022] [::1]:50645 Closing
[Fri Dec  2 16:03:29 2022] [::1]:50646 Accepted
[Fri Dec  2 16:03:29 2022] [::1]:50646 [200]: POST /receiver.php
[Fri Dec  2 16:03:29 2022] [::1]:50646 Closing
[Fri Dec  2 16:03:31 2022] [::1]:50649 Accepted
[Fri Dec  2 16:03:31 2022] [::1]:50649 [200]: POST /receiver.php
[Fri Dec  2 16:03:31 2022] [::1]:50649 Closing
[Fri Dec  2 16:03:33 2022] [::1]:50650 Accepted
[Fri Dec  2 16:03:33 2022] [::1]:50650 [200]: POST /receiver.php
[Fri Dec  2 16:03:33 2022] [::1]:50650 Closing
[Fri Dec  2 16:03:35 2022] [::1]:50653 Accepted
[Fri Dec  2 16:03:35 2022] [::1]:50653 [200]: POST /receiver.php
[Fri Dec  2 16:03:35 2022] [::1]:50653 Closing
[Fri Dec  2 16:03:37 2022] [::1]:50654 Accepted
[Fri Dec  2 16:03:37 2022] [::1]:50654 [200]: POST /receiver.php
[Fri Dec  2 16:03:37 2022] [::1]:50654 Closing
[Fri Dec  2 16:03:39 2022] [::1]:50657 Accepted
[Fri Dec  2 16:03:39 2022] [::1]:50657 [200]: POST /receiver.php
[Fri Dec  2 16:03:39 2022] [::1]:50657 Closing
[Fri Dec  2 16:03:41 2022] [::1]:50658 Accepted
[Fri Dec  2 16:03:41 2022] [::1]:50658 [200]: POST /receiver.php
[Fri Dec  2 16:03:41 2022] [::1]:50658 Closing
[Fri Dec  2 16:03:43 2022] [::1]:50661 Accepted
[Fri Dec  2 16:03:43 2022] [::1]:50661 [200]: POST /receiver.php
[Fri Dec  2 16:03:43 2022] [::1]:50661 Closing
[Fri Dec  2 16:03:45 2022] [::1]:50662 Accepted
[Fri Dec  2 16:03:45 2022] [::1]:50662 [200]: POST /receiver.php
[Fri Dec  2 16:03:45 2022] [::1]:50662 Closing
[Fri Dec  2 16:03:47 2022] [::1]:50665 Accepted
[Fri Dec  2 16:03:47 2022] [::1]:50665 [200]: POST /receiver.php
[Fri Dec  2 16:03:47 2022] [::1]:50665 Closing
[Fri Dec  2 16:03:49 2022] [::1]:50666 Accepted
[Fri Dec  2 16:03:49 2022] [::1]:50666 [200]: POST /receiver.php
[Fri Dec  2 16:03:49 2022] [::1]:50666 Closing
[Fri Dec  2 16:03:51 2022] [::1]:50669 Accepted
[Fri Dec  2 16:03:51 2022] [::1]:50669 [200]: POST /receiver.php
[Fri Dec  2 16:03:51 2022] [::1]:50669 Closing
[Fri Dec  2 16:03:53 2022] [::1]:50670 Accepted
[Fri Dec  2 16:03:53 2022] [::1]:50670 [200]: POST /receiver.php
[Fri Dec  2 16:03:53 2022] [::1]:50670 Closing
[Fri Dec  2 16:03:55 2022] [::1]:50673 Accepted
[Fri Dec  2 16:03:55 2022] [::1]:50673 [200]: POST /receiver.php
[Fri Dec  2 16:03:55 2022] [::1]:50673 Closing
[Fri Dec  2 16:03:57 2022] [::1]:50674 Accepted
[Fri Dec  2 16:03:57 2022] [::1]:50674 [200]: POST /receiver.php
[Fri Dec  2 16:03:57 2022] [::1]:50674 Closing
[Fri Dec  2 16:03:59 2022] [::1]:50677 Accepted
[Fri Dec  2 16:03:59 2022] [::1]:50677 [200]: POST /receiver.php
[Fri Dec  2 16:03:59 2022] [::1]:50677 Closing
[Fri Dec  2 16:04:01 2022] [::1]:50678 Accepted
[Fri Dec  2 16:04:01 2022] [::1]:50678 [200]: POST /receiver.php
[Fri Dec  2 16:04:01 2022] [::1]:50678 Closing
[Fri Dec  2 16:04:03 2022] [::1]:50681 Accepted
[Fri Dec  2 16:04:03 2022] [::1]:50681 [200]: POST /receiver.php
[Fri Dec  2 16:04:03 2022] [::1]:50681 Closing
[Fri Dec  2 16:04:05 2022] [::1]:50682 Accepted
[Fri Dec  2 16:04:05 2022] [::1]:50682 [200]: POST /receiver.php
[Fri Dec  2 16:04:05 2022] [::1]:50682 Closing
[Fri Dec  2 16:04:07 2022] [::1]:50685 Accepted
[Fri Dec  2 16:04:07 2022] [::1]:50685 [200]: POST /receiver.php
[Fri Dec  2 16:04:07 2022] [::1]:50685 Closing
[Fri Dec  2 16:04:09 2022] [::1]:50686 Accepted
[Fri Dec  2 16:04:09 2022] [::1]:50686 [200]: POST /receiver.php
[Fri Dec  2 16:04:09 2022] [::1]:50686 Closing
[Fri Dec  2 16:04:11 2022] [::1]:50689 Accepted
[Fri Dec  2 16:04:11 2022] [::1]:50689 [200]: POST /receiver.php
[Fri Dec  2 16:04:11 2022] [::1]:50689 Closing
[Fri Dec  2 16:04:13 2022] [::1]:50690 Accepted
[Fri Dec  2 16:04:13 2022] [::1]:50690 [200]: POST /receiver.php
[Fri Dec  2 16:04:13 2022] [::1]:50690 Closing
[Fri Dec  2 16:04:15 2022] [::1]:50693 Accepted
[Fri Dec  2 16:04:15 2022] [::1]:50693 [200]: POST /receiver.php
[Fri Dec  2 16:04:15 2022] [::1]:50693 Closing
[Fri Dec  2 16:04:17 2022] [::1]:50694 Accepted
[Fri Dec  2 16:04:17 2022] [::1]:50694 [200]: POST /receiver.php
[Fri Dec  2 16:04:17 2022] [::1]:50694 Closing
[Fri Dec  2 16:04:19 2022] [::1]:50697 Accepted
[Fri Dec  2 16:04:19 2022] [::1]:50697 [200]: POST /receiver.php
[Fri Dec  2 16:04:19 2022] [::1]:50697 Closing
[Fri Dec  2 16:04:21 2022] [::1]:50698 Accepted
[Fri Dec  2 16:04:21 2022] [::1]:50698 [200]: POST /receiver.php
[Fri Dec  2 16:04:21 2022] [::1]:50698 Closing
[Fri Dec  2 16:04:23 2022] [::1]:50701 Accepted
[Fri Dec  2 16:04:23 2022] [::1]:50701 [200]: POST /receiver.php
[Fri Dec  2 16:04:23 2022] [::1]:50701 Closing
[Fri Dec  2 16:04:25 2022] [::1]:50702 Accepted
[Fri Dec  2 16:04:25 2022] [::1]:50702 [200]: POST /receiver.php
[Fri Dec  2 16:04:25 2022] [::1]:50702 Closing
[Fri Dec  2 16:04:27 2022] [::1]:50705 Accepted
[Fri Dec  2 16:04:27 2022] [::1]:50705 [200]: POST /receiver.php
[Fri Dec  2 16:04:27 2022] [::1]:50705 Closing
[Fri Dec  2 16:04:29 2022] [::1]:50706 Accepted
[Fri Dec  2 16:04:29 2022] [::1]:50706 [200]: POST /receiver.php
[Fri Dec  2 16:04:29 2022] [::1]:50706 Closing
[Fri Dec  2 16:04:31 2022] [::1]:50709 Accepted
[Fri Dec  2 16:04:31 2022] [::1]:50709 [200]: POST /receiver.php
[Fri Dec  2 16:04:31 2022] [::1]:50709 Closing
[Fri Dec  2 16:04:33 2022] [::1]:50710 Accepted
[Fri Dec  2 16:04:33 2022] [::1]:50710 [200]: POST /receiver.php
[Fri Dec  2 16:04:33 2022] [::1]:50710 Closing
[Fri Dec  2 16:04:35 2022] [::1]:50713 Accepted
[Fri Dec  2 16:04:35 2022] [::1]:50713 [200]: POST /receiver.php
[Fri Dec  2 16:04:35 2022] [::1]:50713 Closing
[Fri Dec  2 16:04:37 2022] [::1]:50714 Accepted
[Fri Dec  2 16:04:37 2022] [::1]:50714 [200]: POST /receiver.php
[Fri Dec  2 16:04:37 2022] [::1]:50714 Closing
[Fri Dec  2 16:04:39 2022] [::1]:50717 Accepted
[Fri Dec  2 16:04:39 2022] [::1]:50717 [200]: POST /receiver.php
[Fri Dec  2 16:04:39 2022] [::1]:50717 Closing
[Fri Dec  2 16:04:41 2022] [::1]:50718 Accepted
[Fri Dec  2 16:04:41 2022] [::1]:50718 [200]: POST /receiver.php
[Fri Dec  2 16:04:41 2022] [::1]:50718 Closing
[Fri Dec  2 16:04:43 2022] [::1]:50721 Accepted
[Fri Dec  2 16:04:43 2022] [::1]:50721 [200]: POST /receiver.php
[Fri Dec  2 16:04:43 2022] [::1]:50721 Closing
[Fri Dec  2 16:04:45 2022] [::1]:50722 Accepted
[Fri Dec  2 16:04:45 2022] [::1]:50722 [200]: POST /receiver.php
[Fri Dec  2 16:04:45 2022] [::1]:50722 Closing
[Fri Dec  2 16:04:47 2022] [::1]:50725 Accepted
[Fri Dec  2 16:04:47 2022] [::1]:50725 [200]: POST /receiver.php
[Fri Dec  2 16:04:47 2022] [::1]:50725 Closing
[Fri Dec  2 16:04:49 2022] [::1]:50726 Accepted
[Fri Dec  2 16:04:49 2022] [::1]:50726 [200]: POST /receiver.php
[Fri Dec  2 16:04:49 2022] [::1]:50726 Closing
[Fri Dec  2 16:04:51 2022] [::1]:50729 Accepted
[Fri Dec  2 16:04:51 2022] [::1]:50729 [200]: POST /receiver.php
[Fri Dec  2 16:04:51 2022] [::1]:50729 Closing
[Fri Dec  2 16:04:53 2022] [::1]:50730 Accepted
[Fri Dec  2 16:04:53 2022] [::1]:50730 [200]: POST /receiver.php
[Fri Dec  2 16:04:53 2022] [::1]:50730 Closing
[Fri Dec  2 16:04:55 2022] [::1]:50733 Accepted
[Fri Dec  2 16:04:55 2022] [::1]:50733 [200]: POST /receiver.php
[Fri Dec  2 16:04:55 2022] [::1]:50733 Closing
[Fri Dec  2 16:04:57 2022] [::1]:50734 Accepted
[Fri Dec  2 16:04:57 2022] [::1]:50734 [200]: POST /receiver.php
[Fri Dec  2 16:04:57 2022] [::1]:50734 Closing
[Fri Dec  2 16:04:59 2022] [::1]:50737 Accepted
[Fri Dec  2 16:04:59 2022] [::1]:50737 [200]: POST /receiver.php
[Fri Dec  2 16:04:59 2022] [::1]:50737 Closing
[Fri Dec  2 16:05:01 2022] [::1]:50738 Accepted
[Fri Dec  2 16:05:01 2022] [::1]:50738 [200]: POST /receiver.php
[Fri Dec  2 16:05:01 2022] [::1]:50738 Closing
[Fri Dec  2 16:05:03 2022] [::1]:50742 Accepted
[Fri Dec  2 16:05:03 2022] [::1]:50742 [200]: POST /receiver.php
[Fri Dec  2 16:05:03 2022] [::1]:50742 Closing
[Fri Dec  2 16:05:05 2022] [::1]:50743 Accepted
[Fri Dec  2 16:05:05 2022] [::1]:50743 [200]: POST /receiver.php
[Fri Dec  2 16:05:05 2022] [::1]:50743 Closing
[Fri Dec  2 16:05:07 2022] [::1]:50746 Accepted
[Fri Dec  2 16:05:07 2022] [::1]:50746 [200]: POST /receiver.php
[Fri Dec  2 16:05:07 2022] [::1]:50746 Closing
[Fri Dec  2 16:05:09 2022] [::1]:50747 Accepted
[Fri Dec  2 16:05:09 2022] [::1]:50747 [200]: POST /receiver.php
[Fri Dec  2 16:05:09 2022] [::1]:50747 Closing
[Fri Dec  2 16:05:11 2022] [::1]:50750 Accepted
[Fri Dec  2 16:05:11 2022] [::1]:50750 [200]: POST /receiver.php
[Fri Dec  2 16:05:11 2022] [::1]:50750 Closing
[Fri Dec  2 16:05:13 2022] [::1]:50751 Accepted
[Fri Dec  2 16:05:13 2022] [::1]:50751 [200]: POST /receiver.php
[Fri Dec  2 16:05:13 2022] [::1]:50751 Closing
[Fri Dec  2 16:05:15 2022] [::1]:50757 Accepted
[Fri Dec  2 16:05:15 2022] [::1]:50757 [200]: POST /receiver.php
[Fri Dec  2 16:05:15 2022] [::1]:50757 Closing
[Fri Dec  2 16:05:17 2022] [::1]:50762 Accepted
[Fri Dec  2 16:05:17 2022] [::1]:50762 [200]: POST /receiver.php
[Fri Dec  2 16:05:17 2022] [::1]:50762 Closing
[Fri Dec  2 16:05:19 2022] [::1]:50771 Accepted
[Fri Dec  2 16:05:19 2022] [::1]:50771 [200]: POST /receiver.php
[Fri Dec  2 16:05:19 2022] [::1]:50771 Closing
[Fri Dec  2 16:05:21 2022] [::1]:50777 Accepted
[Fri Dec  2 16:05:21 2022] [::1]:50777 [200]: POST /receiver.php
[Fri Dec  2 16:05:21 2022] [::1]:50777 Closing
[Fri Dec  2 16:05:23 2022] [::1]:50780 Accepted
[Fri Dec  2 16:05:23 2022] [::1]:50780 [200]: POST /receiver.php
[Fri Dec  2 16:05:23 2022] [::1]:50780 Closing
[Fri Dec  2 16:05:25 2022] [::1]:50781 Accepted
[Fri Dec  2 16:05:25 2022] [::1]:50781 [200]: POST /receiver.php
[Fri Dec  2 16:05:25 2022] [::1]:50781 Closing
[Fri Dec  2 16:05:27 2022] [::1]:50782 Accepted
[Fri Dec  2 16:05:27 2022] [::1]:50782 [200]: POST /receiver.php
[Fri Dec  2 16:05:27 2022] [::1]:50782 Closing
[Fri Dec  2 16:05:29 2022] [::1]:50785 Accepted
[Fri Dec  2 16:05:29 2022] [::1]:50785 [200]: POST /receiver.php
[Fri Dec  2 16:05:29 2022] [::1]:50785 Closing
[Fri Dec  2 16:05:31 2022] [::1]:50786 Accepted
[Fri Dec  2 16:05:31 2022] [::1]:50786 [200]: POST /receiver.php
[Fri Dec  2 16:05:31 2022] [::1]:50786 Closing
[Fri Dec  2 16:05:33 2022] [::1]:50789 Accepted
[Fri Dec  2 16:05:33 2022] [::1]:50789 [200]: POST /receiver.php
[Fri Dec  2 16:05:33 2022] [::1]:50789 Closing
[Fri Dec  2 16:05:35 2022] [::1]:50790 Accepted
[Fri Dec  2 16:05:35 2022] [::1]:50790 [200]: POST /receiver.php
[Fri Dec  2 16:05:35 2022] [::1]:50790 Closing
[Fri Dec  2 16:05:37 2022] [::1]:50794 Accepted
[Fri Dec  2 16:05:37 2022] [::1]:50794 [200]: POST /receiver.php
[Fri Dec  2 16:05:37 2022] [::1]:50794 Closing
[Fri Dec  2 16:05:39 2022] [::1]:50797 Accepted
[Fri Dec  2 16:05:39 2022] [::1]:50797 [200]: POST /receiver.php
[Fri Dec  2 16:05:39 2022] [::1]:50797 Closing
[Fri Dec  2 16:05:41 2022] [::1]:50808 Accepted
[Fri Dec  2 16:05:41 2022] [::1]:50808 [200]: POST /receiver.php
[Fri Dec  2 16:05:41 2022] [::1]:50808 Closing
[Fri Dec  2 16:05:43 2022] [::1]:50814 Accepted
[Fri Dec  2 16:05:43 2022] [::1]:50814 [200]: POST /receiver.php
[Fri Dec  2 16:05:43 2022] [::1]:50814 Closing
[Fri Dec  2 16:05:46 2022] [::1]:50816 Accepted
[Fri Dec  2 16:05:46 2022] [::1]:50816 [200]: POST /receiver.php
[Fri Dec  2 16:05:46 2022] [::1]:50816 Closing
[Fri Dec  2 16:05:48 2022] [::1]:50820 Accepted
[Fri Dec  2 16:05:48 2022] [::1]:50820 [200]: POST /receiver.php
[Fri Dec  2 16:05:48 2022] [::1]:50820 Closing
[Fri Dec  2 16:05:49 2022] [::1]:50826 Accepted
[Fri Dec  2 16:05:49 2022] [::1]:50826 [200]: POST /receiver.php
[Fri Dec  2 16:05:49 2022] [::1]:50826 Closing
[Fri Dec  2 16:05:52 2022] [::1]:50830 Accepted
[Fri Dec  2 16:05:52 2022] [::1]:50830 [200]: POST /receiver.php
[Fri Dec  2 16:05:52 2022] [::1]:50830 Closing
[Fri Dec  2 16:05:54 2022] [::1]:50832 Accepted
[Fri Dec  2 16:05:54 2022] [::1]:50832 [200]: POST /receiver.php
[Fri Dec  2 16:05:54 2022] [::1]:50832 Closing
[Fri Dec  2 16:05:56 2022] [::1]:50839 Accepted
[Fri Dec  2 16:05:56 2022] [::1]:50839 [200]: POST /receiver.php
[Fri Dec  2 16:05:56 2022] [::1]:50839 Closing
[Fri Dec  2 16:05:58 2022] [::1]:50845 Accepted
[Fri Dec  2 16:05:58 2022] [::1]:50845 [200]: POST /receiver.php
[Fri Dec  2 16:05:58 2022] [::1]:50845 Closing
[Fri Dec  2 16:06:00 2022] [::1]:50849 Accepted
[Fri Dec  2 16:06:00 2022] [::1]:50849 [200]: POST /receiver.php
[Fri Dec  2 16:06:00 2022] [::1]:50849 Closing
[Fri Dec  2 16:06:02 2022] [::1]:50851 Accepted
[Fri Dec  2 16:06:02 2022] [::1]:50851 [200]: POST /receiver.php
[Fri Dec  2 16:06:02 2022] [::1]:50851 Closing
[Fri Dec  2 16:06:04 2022] [::1]:50854 Accepted
[Fri Dec  2 16:06:04 2022] [::1]:50854 [200]: POST /receiver.php
[Fri Dec  2 16:06:04 2022] [::1]:50854 Closing
[Fri Dec  2 16:06:06 2022] [::1]:50855 Accepted
[Fri Dec  2 16:06:06 2022] [::1]:50855 [200]: POST /receiver.php
[Fri Dec  2 16:06:06 2022] [::1]:50855 Closing
[Fri Dec  2 16:06:08 2022] [::1]:50858 Accepted
[Fri Dec  2 16:06:08 2022] [::1]:50858 [200]: POST /receiver.php
[Fri Dec  2 16:06:08 2022] [::1]:50858 Closing
[Fri Dec  2 16:06:09 2022] [::1]:50859 Accepted
[Fri Dec  2 16:06:09 2022] [::1]:50859 [200]: POST /receiver.php
[Fri Dec  2 16:06:09 2022] [::1]:50859 Closing
[Fri Dec  2 16:06:12 2022] [::1]:50862 Accepted
[Fri Dec  2 16:06:12 2022] [::1]:50862 [200]: POST /receiver.php
[Fri Dec  2 16:06:12 2022] [::1]:50862 Closing
[Fri Dec  2 16:06:14 2022] [::1]:50867 Accepted
[Fri Dec  2 16:06:14 2022] [::1]:50867 [200]: POST /receiver.php
[Fri Dec  2 16:06:14 2022] [::1]:50867 Closing
[Fri Dec  2 16:06:16 2022] [::1]:50872 Accepted
[Fri Dec  2 16:06:16 2022] [::1]:50872 [200]: POST /receiver.php
[Fri Dec  2 16:06:16 2022] [::1]:50872 Closing
[Fri Dec  2 16:06:18 2022] [::1]:50873 Accepted
[Fri Dec  2 16:06:18 2022] [::1]:50873 [200]: POST /receiver.php
[Fri Dec  2 16:06:18 2022] [::1]:50873 Closing
[Fri Dec  2 16:06:20 2022] [::1]:50877 Accepted
[Fri Dec  2 16:06:20 2022] [::1]:50877 [200]: POST /receiver.php
[Fri Dec  2 16:06:20 2022] [::1]:50877 Closing
[Fri Dec  2 16:06:22 2022] [::1]:50878 Accepted
[Fri Dec  2 16:06:22 2022] [::1]:50878 [200]: POST /receiver.php
[Fri Dec  2 16:06:22 2022] [::1]:50878 Closing
[Fri Dec  2 16:06:24 2022] [::1]:50882 Accepted
[Fri Dec  2 16:06:24 2022] [::1]:50882 [200]: POST /receiver.php
[Fri Dec  2 16:06:24 2022] [::1]:50882 Closing
[Fri Dec  2 16:24:21 2022] [::1]:50888 Accepted
[Fri Dec  2 16:24:21 2022] [::1]:50888 [200]: POST /receiver.php
[Fri Dec  2 16:24:21 2022] [::1]:50888 Closing
[Fri Dec  2 16:24:23 2022] [::1]:50894 Accepted
[Fri Dec  2 16:24:23 2022] [::1]:50894 [200]: POST /receiver.php
[Fri Dec  2 16:24:23 2022] [::1]:50894 Closing
[Fri Dec  2 16:26:41 2022] [::1]:50897 Accepted
[Fri Dec  2 16:26:41 2022] [::1]:50897 [200]: POST /receiver.php
[Fri Dec  2 16:26:41 2022] [::1]:50897 Closing
[Fri Dec  2 16:26:42 2022] [::1]:50898 Accepted
[Fri Dec  2 16:26:42 2022] [::1]:50898 [200]: POST /receiver.php
[Fri Dec  2 16:26:42 2022] [::1]:50898 Closing
[Fri Dec  2 16:26:44 2022] [::1]:50901 Accepted
[Fri Dec  2 16:26:44 2022] [::1]:50901 [200]: POST /receiver.php
[Fri Dec  2 16:26:44 2022] [::1]:50901 Closing
[Fri Dec  2 16:26:47 2022] [::1]:50904 Accepted
[Fri Dec  2 16:26:47 2022] [::1]:50904 [200]: POST /receiver.php
[Fri Dec  2 16:26:47 2022] [::1]:50904 Closing
[Fri Dec  2 16:26:48 2022] [::1]:50905 Accepted
[Fri Dec  2 16:26:48 2022] [::1]:50905 [200]: POST /receiver.php
[Fri Dec  2 16:26:48 2022] [::1]:50905 Closing
[Fri Dec  2 16:26:50 2022] [::1]:50920 Accepted
[Fri Dec  2 16:26:50 2022] [::1]:50920 [200]: POST /receiver.php
[Fri Dec  2 16:26:50 2022] [::1]:50920 Closing
[Fri Dec  2 16:26:53 2022] [::1]:50959 Accepted
[Fri Dec  2 16:26:53 2022] [::1]:50959 [200]: POST /receiver.php
[Fri Dec  2 16:26:53 2022] [::1]:50959 Closing
[Fri Dec  2 16:26:55 2022] [::1]:50963 Accepted
[Fri Dec  2 16:26:55 2022] [::1]:50963 [200]: POST /receiver.php
[Fri Dec  2 16:26:55 2022] [::1]:50963 Closing
[Fri Dec  2 16:26:57 2022] [::1]:50971 Accepted
[Fri Dec  2 16:26:57 2022] [::1]:50971 [200]: POST /receiver.php
[Fri Dec  2 16:26:57 2022] [::1]:50971 Closing
[Fri Dec  2 16:26:59 2022] [::1]:50974 Accepted
[Fri Dec  2 16:26:59 2022] [::1]:50974 [200]: POST /receiver.php
[Fri Dec  2 16:26:59 2022] [::1]:50974 Closing
[Fri Dec  2 16:27:01 2022] [::1]:50975 Accepted
[Fri Dec  2 16:27:01 2022] [::1]:50975 [200]: POST /receiver.php
[Fri Dec  2 16:27:01 2022] [::1]:50975 Closing
[Fri Dec  2 16:27:03 2022] [::1]:50980 Accepted
[Fri Dec  2 16:27:03 2022] [::1]:50980 [200]: POST /receiver.php
[Fri Dec  2 16:27:03 2022] [::1]:50980 Closing
[Fri Dec  2 16:27:05 2022] [::1]:50982 Accepted
[Fri Dec  2 16:27:05 2022] [::1]:50982 [200]: POST /receiver.php
[Fri Dec  2 16:27:05 2022] [::1]:50982 Closing
[Fri Dec  2 16:27:07 2022] [::1]:50983 Accepted
[Fri Dec  2 16:27:07 2022] [::1]:50983 [200]: POST /receiver.php
[Fri Dec  2 16:27:07 2022] [::1]:50983 Closing
[Fri Dec  2 16:27:09 2022] [::1]:50986 Accepted
[Fri Dec  2 16:27:09 2022] [::1]:50986 [200]: POST /receiver.php
[Fri Dec  2 16:27:09 2022] [::1]:50986 Closing
[Fri Dec  2 16:27:11 2022] [::1]:50987 Accepted
[Fri Dec  2 16:27:11 2022] [::1]:50987 [200]: POST /receiver.php
[Fri Dec  2 16:27:11 2022] [::1]:50987 Closing
[Fri Dec  2 16:27:13 2022] [::1]:50990 Accepted
[Fri Dec  2 16:27:13 2022] [::1]:50990 [200]: POST /receiver.php
[Fri Dec  2 16:27:13 2022] [::1]:50990 Closing
[Fri Dec  2 16:27:15 2022] [::1]:50996 Accepted
[Fri Dec  2 16:27:15 2022] [::1]:50996 [200]: POST /receiver.php
[Fri Dec  2 16:27:15 2022] [::1]:50996 Closing
[Fri Dec  2 16:27:17 2022] [::1]:50999 Accepted
[Fri Dec  2 16:27:17 2022] [::1]:50999 [200]: POST /receiver.php
[Fri Dec  2 16:27:17 2022] [::1]:50999 Closing
[Fri Dec  2 16:27:19 2022] [::1]:51000 Accepted
[Fri Dec  2 16:27:19 2022] [::1]:51000 [200]: POST /receiver.php
[Fri Dec  2 16:27:19 2022] [::1]:51000 Closing
[Fri Dec  2 16:27:21 2022] [::1]:51003 Accepted
[Fri Dec  2 16:27:21 2022] [::1]:51003 [200]: POST /receiver.php
[Fri Dec  2 16:27:21 2022] [::1]:51003 Closing
[Fri Dec  2 16:27:23 2022] [::1]:51004 Accepted
[Fri Dec  2 16:27:23 2022] [::1]:51004 [200]: POST /receiver.php
[Fri Dec  2 16:27:23 2022] [::1]:51004 Closing
[Fri Dec  2 16:27:25 2022] [::1]:51007 Accepted
[Fri Dec  2 16:27:25 2022] [::1]:51007 [200]: POST /receiver.php
[Fri Dec  2 16:27:25 2022] [::1]:51007 Closing
[Fri Dec  2 16:31:02 2022] [::1]:51008 Accepted
[Fri Dec  2 16:31:02 2022] [::1]:51008 [200]: POST /receiver.php
[Fri Dec  2 16:31:02 2022] [::1]:51008 Closing
[Fri Dec  2 16:31:03 2022] [::1]:51011 Accepted
[Fri Dec  2 16:31:03 2022] [::1]:51011 [200]: POST /receiver.php
[Fri Dec  2 16:31:03 2022] [::1]:51011 Closing
[Fri Dec  2 16:31:06 2022] [::1]:51012 Accepted
[Fri Dec  2 16:31:06 2022] [::1]:51012 [200]: POST /receiver.php
[Fri Dec  2 16:31:06 2022] [::1]:51012 Closing
[Fri Dec  2 16:31:08 2022] [::1]:51015 Accepted
[Fri Dec  2 16:31:08 2022] [::1]:51015 [200]: POST /receiver.php
[Fri Dec  2 16:31:08 2022] [::1]:51015 Closing
[Fri Dec  2 16:31:10 2022] [::1]:51016 Accepted
[Fri Dec  2 16:31:10 2022] [::1]:51016 [200]: POST /receiver.php
[Fri Dec  2 16:31:10 2022] [::1]:51016 Closing
[Fri Dec  2 16:31:12 2022] [::1]:51019 Accepted
[Fri Dec  2 16:31:12 2022] [::1]:51019 [200]: POST /receiver.php
[Fri Dec  2 16:31:12 2022] [::1]:51019 Closing
[Fri Dec  2 16:31:14 2022] [::1]:51020 Accepted
[Fri Dec  2 16:31:14 2022] [::1]:51020 [200]: POST /receiver.php
[Fri Dec  2 16:31:14 2022] [::1]:51020 Closing
[Fri Dec  2 16:31:16 2022] [::1]:51023 Accepted
[Fri Dec  2 16:31:16 2022] [::1]:51023 [200]: POST /receiver.php
[Fri Dec  2 16:31:16 2022] [::1]:51023 Closing
[Fri Dec  2 16:31:18 2022] [::1]:51024 Accepted
[Fri Dec  2 16:31:18 2022] [::1]:51024 [200]: POST /receiver.php
[Fri Dec  2 16:31:18 2022] [::1]:51024 Closing
[Fri Dec  2 16:31:20 2022] [::1]:51027 Accepted
[Fri Dec  2 16:31:20 2022] [::1]:51027 [200]: POST /receiver.php
[Fri Dec  2 16:31:20 2022] [::1]:51027 Closing
[Fri Dec  2 16:31:22 2022] [::1]:51028 Accepted
[Fri Dec  2 16:31:22 2022] [::1]:51028 [200]: POST /receiver.php
[Fri Dec  2 16:31:22 2022] [::1]:51028 Closing
[Fri Dec  2 16:31:24 2022] [::1]:51031 Accepted
[Fri Dec  2 16:31:24 2022] [::1]:51031 [200]: POST /receiver.php
[Fri Dec  2 16:31:24 2022] [::1]:51031 Closing
[Fri Dec  2 16:31:26 2022] [::1]:51032 Accepted
[Fri Dec  2 16:31:26 2022] [::1]:51032 [200]: POST /receiver.php
[Fri Dec  2 16:31:26 2022] [::1]:51032 Closing
[Fri Dec  2 16:31:28 2022] [::1]:51035 Accepted
[Fri Dec  2 16:31:28 2022] [::1]:51035 [200]: POST /receiver.php
[Fri Dec  2 16:31:28 2022] [::1]:51035 Closing
[Fri Dec  2 16:31:30 2022] [::1]:51036 Accepted
[Fri Dec  2 16:31:30 2022] [::1]:51036 [200]: POST /receiver.php
[Fri Dec  2 16:31:30 2022] [::1]:51036 Closing
[Fri Dec  2 16:31:32 2022] [::1]:51039 Accepted
[Fri Dec  2 16:31:32 2022] [::1]:51039 [200]: POST /receiver.php
[Fri Dec  2 16:31:32 2022] [::1]:51039 Closing
[Fri Dec  2 16:31:34 2022] [::1]:51040 Accepted
[Fri Dec  2 16:31:34 2022] [::1]:51040 [200]: POST /receiver.php
[Fri Dec  2 16:31:34 2022] [::1]:51040 Closing
[Fri Dec  2 16:31:36 2022] [::1]:51043 Accepted
[Fri Dec  2 16:31:36 2022] [::1]:51043 [200]: POST /receiver.php
[Fri Dec  2 16:31:36 2022] [::1]:51043 Closing
[Fri Dec  2 16:31:38 2022] [::1]:51044 Accepted
[Fri Dec  2 16:31:38 2022] [::1]:51044 [200]: POST /receiver.php
[Fri Dec  2 16:31:38 2022] [::1]:51044 Closing
[Fri Dec  2 16:31:40 2022] [::1]:51047 Accepted
[Fri Dec  2 16:31:40 2022] [::1]:51047 [200]: POST /receiver.php
[Fri Dec  2 16:31:40 2022] [::1]:51047 Closing
[Fri Dec  2 16:31:42 2022] [::1]:51048 Accepted
[Fri Dec  2 16:31:42 2022] [::1]:51048 [200]: POST /receiver.php
[Fri Dec  2 16:31:42 2022] [::1]:51048 Closing
[Fri Dec  2 16:31:44 2022] [::1]:51051 Accepted
[Fri Dec  2 16:31:44 2022] [::1]:51051 [200]: POST /receiver.php
[Fri Dec  2 16:31:44 2022] [::1]:51051 Closing
[Fri Dec  2 16:31:46 2022] [::1]:51052 Accepted
[Fri Dec  2 16:31:46 2022] [::1]:51052 [200]: POST /receiver.php
[Fri Dec  2 16:31:46 2022] [::1]:51052 Closing
[Fri Dec  2 16:47:33 2022] [::1]:51055 Accepted
[Fri Dec  2 16:47:33 2022] [::1]:51055 [200]: POST /receiver.php
[Fri Dec  2 16:47:33 2022] [::1]:51055 Closing
[Fri Dec  2 16:47:35 2022] [::1]:51056 Accepted
[Fri Dec  2 16:47:35 2022] [::1]:51056 [200]: POST /receiver.php
[Fri Dec  2 16:47:35 2022] [::1]:51056 Closing
[Fri Dec  2 16:47:37 2022] [::1]:51059 Accepted
[Fri Dec  2 16:47:37 2022] [::1]:51059 [200]: POST /receiver.php
[Fri Dec  2 16:47:37 2022] [::1]:51059 Closing
[Fri Dec  2 16:47:39 2022] [::1]:51060 Accepted
[Fri Dec  2 16:47:39 2022] [::1]:51060 [200]: POST /receiver.php
[Fri Dec  2 16:47:39 2022] [::1]:51060 Closing
[Fri Dec  2 16:47:41 2022] [::1]:51063 Accepted
[Fri Dec  2 16:47:41 2022] [::1]:51063 [200]: POST /receiver.php
[Fri Dec  2 16:47:41 2022] [::1]:51063 Closing
[Fri Dec  2 16:47:43 2022] [::1]:51064 Accepted
[Fri Dec  2 16:47:43 2022] [::1]:51064 [200]: POST /receiver.php
[Fri Dec  2 16:47:43 2022] [::1]:51064 Closing
[Fri Dec  2 16:47:45 2022] [::1]:51067 Accepted
[Fri Dec  2 16:47:45 2022] [::1]:51067 [200]: POST /receiver.php
[Fri Dec  2 16:47:45 2022] [::1]:51067 Closing
[Fri Dec  2 16:59:38 2022] [::1]:51068 Accepted
[Fri Dec  2 16:59:38 2022] [::1]:51068 [200]: POST /receiver.php
[Fri Dec  2 16:59:38 2022] [::1]:51068 Closing
[Fri Dec  2 16:59:40 2022] [::1]:51071 Accepted
[Fri Dec  2 16:59:40 2022] [::1]:51071 [200]: POST /receiver.php
[Fri Dec  2 16:59:40 2022] [::1]:51071 Closing
[Fri Dec  2 16:59:42 2022] [::1]:51072 Accepted
[Fri Dec  2 16:59:42 2022] [::1]:51072 [200]: POST /receiver.php
[Fri Dec  2 16:59:42 2022] [::1]:51072 Closing
[Fri Dec  2 16:59:44 2022] [::1]:51075 Accepted
[Fri Dec  2 16:59:44 2022] [::1]:51075 [200]: POST /receiver.php
[Fri Dec  2 16:59:44 2022] [::1]:51075 Closing
[Fri Dec  2 16:59:46 2022] [::1]:51076 Accepted
[Fri Dec  2 16:59:46 2022] [::1]:51076 [200]: POST /receiver.php
[Fri Dec  2 16:59:46 2022] [::1]:51076 Closing
[Fri Dec  2 16:59:48 2022] [::1]:51079 Accepted
[Fri Dec  2 16:59:48 2022] [::1]:51079 [200]: POST /receiver.php
[Fri Dec  2 16:59:48 2022] [::1]:51079 Closing
[Fri Dec  2 16:59:50 2022] [::1]:51080 Accepted
[Fri Dec  2 16:59:50 2022] [::1]:51080 [200]: POST /receiver.php
[Fri Dec  2 16:59:50 2022] [::1]:51080 Closing
[Fri Dec  2 16:59:52 2022] [::1]:51083 Accepted
[Fri Dec  2 16:59:52 2022] [::1]:51083 [200]: POST /receiver.php
[Fri Dec  2 16:59:52 2022] [::1]:51083 Closing
[Fri Dec  2 16:59:54 2022] [::1]:51084 Accepted
[Fri Dec  2 16:59:54 2022] [::1]:51084 [200]: POST /receiver.php
[Fri Dec  2 16:59:54 2022] [::1]:51084 Closing
[Fri Dec  2 16:59:56 2022] [::1]:51087 Accepted
[Fri Dec  2 16:59:56 2022] [::1]:51087 [200]: POST /receiver.php
[Fri Dec  2 16:59:56 2022] [::1]:51087 Closing
[Fri Dec  2 16:59:57 2022] [::1]:51088 Accepted
[Fri Dec  2 16:59:57 2022] [::1]:51088 [200]: POST /receiver.php
[Fri Dec  2 16:59:57 2022] [::1]:51088 Closing
[Fri Dec  2 17:00:00 2022] [::1]:51091 Accepted
[Fri Dec  2 17:00:00 2022] [::1]:51091 [200]: POST /receiver.php
[Fri Dec  2 17:00:00 2022] [::1]:51091 Closing
[Fri Dec  2 17:00:02 2022] [::1]:51092 Accepted
[Fri Dec  2 17:00:02 2022] [::1]:51092 [200]: POST /receiver.php
[Fri Dec  2 17:00:02 2022] [::1]:51092 Closing
[Fri Dec  2 17:00:04 2022] [::1]:51095 Accepted
[Fri Dec  2 17:00:04 2022] [::1]:51095 [200]: POST /receiver.php
[Fri Dec  2 17:00:04 2022] [::1]:51095 Closing
[Fri Dec  2 17:00:05 2022] [::1]:51096 Accepted
[Fri Dec  2 17:00:05 2022] [::1]:51096 [200]: POST /receiver.php
[Fri Dec  2 17:00:05 2022] [::1]:51096 Closing
[Fri Dec  2 17:00:08 2022] [::1]:51099 Accepted
[Fri Dec  2 17:00:08 2022] [::1]:51099 [200]: POST /receiver.php
[Fri Dec  2 17:00:08 2022] [::1]:51099 Closing
[Fri Dec  2 17:00:10 2022] [::1]:51100 Accepted
[Fri Dec  2 17:00:10 2022] [::1]:51100 [200]: POST /receiver.php
[Fri Dec  2 17:00:10 2022] [::1]:51100 Closing
[Fri Dec  2 17:00:12 2022] [::1]:51103 Accepted
[Fri Dec  2 17:00:12 2022] [::1]:51103 [200]: POST /receiver.php
[Fri Dec  2 17:00:12 2022] [::1]:51103 Closing
[Fri Dec  2 17:00:14 2022] [::1]:51104 Accepted
[Fri Dec  2 17:00:14 2022] [::1]:51104 [200]: POST /receiver.php
[Fri Dec  2 17:00:14 2022] [::1]:51104 Closing
[Fri Dec  2 17:00:16 2022] [::1]:51107 Accepted
[Fri Dec  2 17:00:16 2022] [::1]:51107 [200]: POST /receiver.php
[Fri Dec  2 17:00:16 2022] [::1]:51107 Closing
[Fri Dec  2 17:00:18 2022] [::1]:51108 Accepted
[Fri Dec  2 17:00:18 2022] [::1]:51108 [200]: POST /receiver.php
[Fri Dec  2 17:00:18 2022] [::1]:51108 Closing
[Fri Dec  2 17:00:20 2022] [::1]:51111 Accepted
[Fri Dec  2 17:00:20 2022] [::1]:51111 [200]: POST /receiver.php
[Fri Dec  2 17:00:20 2022] [::1]:51111 Closing
[Fri Dec  2 17:00:21 2022] [::1]:51112 Accepted
[Fri Dec  2 17:00:21 2022] [::1]:51112 [200]: POST /receiver.php
[Fri Dec  2 17:00:21 2022] [::1]:51112 Closing
[Fri Dec  2 17:16:06 2022] [::1]:51115 Accepted
[Fri Dec  2 17:16:06 2022] [::1]:51115 [200]: POST /receiver.php
[Fri Dec  2 17:16:06 2022] [::1]:51115 Closing
[Fri Dec  2 17:16:08 2022] [::1]:51116 Accepted
[Fri Dec  2 17:16:08 2022] [::1]:51116 [200]: POST /receiver.php
[Fri Dec  2 17:16:08 2022] [::1]:51116 Closing
[Fri Dec  2 17:33:52 2022] [::1]:51119 Accepted
[Fri Dec  2 17:33:52 2022] [::1]:51119 [200]: POST /receiver.php
[Fri Dec  2 17:33:52 2022] [::1]:51119 Closing
[Fri Dec  2 17:33:54 2022] [::1]:51120 Accepted
[Fri Dec  2 17:33:54 2022] [::1]:51120 [200]: POST /receiver.php
[Fri Dec  2 17:33:54 2022] [::1]:51120 Closing
[Fri Dec  2 17:33:57 2022] [::1]:51123 Accepted
[Fri Dec  2 17:33:57 2022] [::1]:51123 [200]: POST /receiver.php
[Fri Dec  2 17:33:57 2022] [::1]:51123 Closing
[Fri Dec  2 17:51:26 2022] [::1]:51124 Accepted
[Fri Dec  2 17:51:26 2022] [::1]:51124 [200]: POST /receiver.php
[Fri Dec  2 17:51:26 2022] [::1]:51124 Closing
[Fri Dec  2 17:51:28 2022] [::1]:51127 Accepted
[Fri Dec  2 17:51:28 2022] [::1]:51127 [200]: POST /receiver.php
[Fri Dec  2 17:51:28 2022] [::1]:51127 Closing
[Fri Dec  2 17:51:30 2022] [::1]:51128 Accepted
[Fri Dec  2 17:51:30 2022] [::1]:51128 [200]: POST /receiver.php
[Fri Dec  2 17:51:30 2022] [::1]:51128 Closing
[Fri Dec  2 18:06:45 2022] [::1]:51131 Accepted
[Fri Dec  2 18:06:45 2022] [::1]:51131 [200]: POST /receiver.php
[Fri Dec  2 18:06:45 2022] [::1]:51131 Closing
[Fri Dec  2 18:06:47 2022] [::1]:51132 Accepted
[Fri Dec  2 18:06:47 2022] [::1]:51132 [200]: POST /receiver.php
[Fri Dec  2 18:06:47 2022] [::1]:51132 Closing
[Fri Dec  2 18:06:49 2022] [::1]:51135 Accepted
[Fri Dec  2 18:06:49 2022] [::1]:51135 [200]: POST /receiver.php
[Fri Dec  2 18:06:49 2022] [::1]:51135 Closing
[Fri Dec  2 18:20:42 2022] [::1]:51136 Accepted
[Fri Dec  2 18:20:42 2022] [::1]:51136 [200]: POST /receiver.php
[Fri Dec  2 18:20:42 2022] [::1]:51136 Closing
[Fri Dec  2 18:20:45 2022] [::1]:51139 Accepted
[Fri Dec  2 18:20:45 2022] [::1]:51139 [200]: POST /receiver.php
[Fri Dec  2 18:20:45 2022] [::1]:51139 Closing
[Fri Dec  2 18:20:46 2022] [::1]:51140 Accepted
[Fri Dec  2 18:20:46 2022] [::1]:51140 [200]: POST /receiver.php
[Fri Dec  2 18:20:46 2022] [::1]:51140 Closing
[Fri Dec  2 18:20:49 2022] [::1]:51143 Accepted
[Fri Dec  2 18:20:49 2022] [::1]:51143 [200]: POST /receiver.php
[Fri Dec  2 18:20:49 2022] [::1]:51143 Closing
[Fri Dec  2 18:20:51 2022] [::1]:51144 Accepted
[Fri Dec  2 18:20:51 2022] [::1]:51144 [200]: POST /receiver.php
[Fri Dec  2 18:20:51 2022] [::1]:51144 Closing
[Fri Dec  2 18:20:52 2022] [::1]:51178 Accepted
[Fri Dec  2 18:20:52 2022] [::1]:51178 [200]: POST /receiver.php
[Fri Dec  2 18:20:52 2022] [::1]:51178 Closing
[Fri Dec  2 18:20:55 2022] [::1]:51193 Accepted
[Fri Dec  2 18:20:55 2022] [::1]:51193 [200]: POST /receiver.php
[Fri Dec  2 18:20:55 2022] [::1]:51193 Closing
[Fri Dec  2 18:20:56 2022] [::1]:51204 Accepted
[Fri Dec  2 18:20:56 2022] [::1]:51204 [200]: POST /receiver.php
[Fri Dec  2 18:20:56 2022] [::1]:51204 Closing
[Fri Dec  2 18:20:58 2022] [::1]:51216 Accepted
[Fri Dec  2 18:20:58 2022] [::1]:51216 [200]: POST /receiver.php
[Fri Dec  2 18:20:58 2022] [::1]:51216 Closing
[Fri Dec  2 18:21:01 2022] [::1]:51220 Accepted
[Fri Dec  2 18:21:01 2022] [::1]:51220 [200]: POST /receiver.php
[Fri Dec  2 18:21:01 2022] [::1]:51220 Closing
[Fri Dec  2 18:21:02 2022] [::1]:51221 Accepted
[Fri Dec  2 18:21:02 2022] [::1]:51221 [200]: POST /receiver.php
[Fri Dec  2 18:21:02 2022] [::1]:51221 Closing
[Fri Dec  2 18:21:04 2022] [::1]:51225 Accepted
[Fri Dec  2 18:21:04 2022] [::1]:51225 [200]: POST /receiver.php
[Fri Dec  2 18:21:04 2022] [::1]:51225 Closing
[Fri Dec  2 18:21:07 2022] [::1]:51226 Accepted
[Fri Dec  2 18:21:07 2022] [::1]:51226 [200]: POST /receiver.php
[Fri Dec  2 18:21:07 2022] [::1]:51226 Closing
[Fri Dec  2 18:21:08 2022] [::1]:51231 Accepted
[Fri Dec  2 18:21:08 2022] [::1]:51231 [200]: POST /receiver.php
[Fri Dec  2 18:21:08 2022] [::1]:51231 Closing
[Fri Dec  2 18:21:11 2022] [::1]:51237 Accepted
[Fri Dec  2 18:21:11 2022] [::1]:51237 [200]: POST /receiver.php
[Fri Dec  2 18:21:11 2022] [::1]:51237 Closing
[Fri Dec  2 18:21:13 2022] [::1]:51240 Accepted
[Fri Dec  2 18:21:13 2022] [::1]:51240 [200]: POST /receiver.php
[Fri Dec  2 18:21:13 2022] [::1]:51240 Closing
[Fri Dec  2 18:21:14 2022] [::1]:51241 Accepted
[Fri Dec  2 18:21:14 2022] [::1]:51241 [200]: POST /receiver.php
[Fri Dec  2 18:21:14 2022] [::1]:51241 Closing
[Fri Dec  2 18:21:17 2022] [::1]:51244 Accepted
[Fri Dec  2 18:21:17 2022] [::1]:51244 [200]: POST /receiver.php
[Fri Dec  2 18:21:17 2022] [::1]:51244 Closing
[Fri Dec  2 18:21:18 2022] [::1]:51245 Accepted
[Fri Dec  2 18:21:18 2022] [::1]:51245 [200]: POST /receiver.php
[Fri Dec  2 18:21:18 2022] [::1]:51245 Closing
[Fri Dec  2 18:21:21 2022] [::1]:51249 Accepted
[Fri Dec  2 18:21:21 2022] [::1]:51249 [200]: POST /receiver.php
[Fri Dec  2 18:21:21 2022] [::1]:51249 Closing
[Fri Dec  2 18:21:23 2022] [::1]:51250 Accepted
[Fri Dec  2 18:21:23 2022] [::1]:51250 [200]: POST /receiver.php
[Fri Dec  2 18:21:23 2022] [::1]:51250 Closing
[Fri Dec  2 18:21:24 2022] [::1]:51254 Accepted
[Fri Dec  2 18:21:24 2022] [::1]:51254 [200]: POST /receiver.php
[Fri Dec  2 18:21:24 2022] [::1]:51254 Closing
[Fri Dec  2 18:21:27 2022] [::1]:51257 Accepted
[Fri Dec  2 18:21:27 2022] [::1]:51257 [200]: POST /receiver.php
[Fri Dec  2 18:21:27 2022] [::1]:51257 Closing
[Fri Dec  2 18:23:27 2022] [::1]:51263 Accepted
[Fri Dec  2 18:23:27 2022] [::1]:51263 [200]: POST /receiver.php
[Fri Dec  2 18:23:27 2022] [::1]:51263 Closing
[Fri Dec  2 18:23:29 2022] [::1]:51264 Accepted
[Fri Dec  2 18:23:29 2022] [::1]:51264 [200]: POST /receiver.php
[Fri Dec  2 18:23:29 2022] [::1]:51264 Closing
[Fri Dec  2 18:23:31 2022] [::1]:51267 Accepted
[Fri Dec  2 18:23:31 2022] [::1]:51267 [200]: POST /receiver.php
[Fri Dec  2 18:23:31 2022] [::1]:51267 Closing
[Fri Dec  2 18:23:33 2022] [::1]:51268 Accepted
[Fri Dec  2 18:23:33 2022] [::1]:51268 [200]: POST /receiver.php
[Fri Dec  2 18:23:33 2022] [::1]:51268 Closing
[Fri Dec  2 18:23:35 2022] [::1]:51271 Accepted
[Fri Dec  2 18:23:35 2022] [::1]:51271 [200]: POST /receiver.php
[Fri Dec  2 18:23:35 2022] [::1]:51271 Closing
[Fri Dec  2 18:23:37 2022] [::1]:51272 Accepted
[Fri Dec  2 18:23:37 2022] [::1]:51272 [200]: POST /receiver.php
[Fri Dec  2 18:23:37 2022] [::1]:51272 Closing
[Fri Dec  2 18:23:39 2022] [::1]:51275 Accepted
[Fri Dec  2 18:23:39 2022] [::1]:51275 [200]: POST /receiver.php
[Fri Dec  2 18:23:39 2022] [::1]:51275 Closing
[Fri Dec  2 18:23:41 2022] [::1]:51276 Accepted
[Fri Dec  2 18:23:41 2022] [::1]:51276 [200]: POST /receiver.php
[Fri Dec  2 18:23:41 2022] [::1]:51276 Closing
[Fri Dec  2 18:23:43 2022] [::1]:51279 Accepted
[Fri Dec  2 18:23:43 2022] [::1]:51279 [200]: POST /receiver.php
[Fri Dec  2 18:23:43 2022] [::1]:51279 Closing
[Fri Dec  2 18:23:45 2022] [::1]:51280 Accepted
[Fri Dec  2 18:23:45 2022] [::1]:51280 [200]: POST /receiver.php
[Fri Dec  2 18:23:45 2022] [::1]:51280 Closing
[Fri Dec  2 18:23:47 2022] [::1]:51283 Accepted
[Fri Dec  2 18:23:47 2022] [::1]:51283 [200]: POST /receiver.php
[Fri Dec  2 18:23:47 2022] [::1]:51283 Closing
[Fri Dec  2 18:23:49 2022] [::1]:51284 Accepted
[Fri Dec  2 18:23:49 2022] [::1]:51284 [200]: POST /receiver.php
[Fri Dec  2 18:23:49 2022] [::1]:51284 Closing
[Fri Dec  2 18:23:51 2022] [::1]:51287 Accepted
[Fri Dec  2 18:23:51 2022] [::1]:51287 [200]: POST /receiver.php
[Fri Dec  2 18:23:51 2022] [::1]:51287 Closing
[Fri Dec  2 18:41:00 2022] [::1]:51407 Accepted
[Fri Dec  2 18:41:00 2022] [::1]:51407 [200]: POST /receiver.php
[Fri Dec  2 18:41:00 2022] [::1]:51407 Closing
[Fri Dec  2 20:01:36 2022] [::1]:51522 Accepted
[Fri Dec  2 20:01:36 2022] [::1]:51522 [200]: POST /receiver.php
[Fri Dec  2 20:01:36 2022] [::1]:51522 Closing
